C:\USERS\DX\DOWNLOADS\FACETRACKINGVISUALIZATION\INT\SINGLEFACE\WIN32\DEBUG\SINGLEFACE.PCH
C:\USERS\DX\DOWNLOADS\FACETRACKINGVISUALIZATION\INT\SINGLEFACE\WIN32\DEBUG\VC120.PDB
C:\USERS\DX\DOWNLOADS\FACETRACKINGVISUALIZATION\INT\SINGLEFACE\WIN32\DEBUG\VC120.IDB
C:\USERS\DX\DOWNLOADS\FACETRACKINGVISUALIZATION\INT\SINGLEFACE\WIN32\DEBUG\STDAFX.OBJ
C:\USERS\DX\DOWNLOADS\FACETRACKINGVISUALIZATION\INT\SINGLEFACE\WIN32\DEBUG\EGGAVATAR.OBJ
C:\USERS\DX\DOWNLOADS\FACETRACKINGVISUALIZATION\INT\SINGLEFACE\WIN32\DEBUG\SINGLEFACE.OBJ
C:\USERS\DX\DOWNLOADS\FACETRACKINGVISUALIZATION\INT\SINGLEFACE\WIN32\DEBUG\FTHELPER.OBJ
C:\USERS\DX\DOWNLOADS\FACETRACKINGVISUALIZATION\INT\SINGLEFACE\WIN32\DEBUG\KINECTSENSOR.OBJ
C:\USERS\DX\DOWNLOADS\FACETRACKINGVISUALIZATION\INT\SINGLEFACE\WIN32\DEBUG\VISUALIZE.OBJ
C:\USERS\DX\DOWNLOADS\FACETRACKINGVISUALIZATION\OUT\SINGLEFACE\WIN32\DEBUG\SINGLEFACE.ILK
C:\USERS\DX\DOWNLOADS\FACETRACKINGVISUALIZATION\OUT\SINGLEFACE\WIN32\DEBUG\SINGLEFACE.EXE
C:\USERS\DX\DOWNLOADS\FACETRACKINGVISUALIZATION\OUT\SINGLEFACE\WIN32\DEBUG\SINGLEFACE.PDB
C:\USERS\DX\DOWNLOADS\FACETRACKINGVISUALIZATION\INT\SINGLEFACE\WIN32\DEBUG\SINGLEFACE.RES
C:\Users\dx\Downloads\FaceTrackingVisualization\Int\SingleFace\Win32\Debug\eggavatar.obj
C:\Users\dx\Downloads\FaceTrackingVisualization\Int\SingleFace\Win32\Debug\FTHelper.obj
C:\Users\dx\Downloads\FaceTrackingVisualization\Int\SingleFace\Win32\Debug\KinectSensor.obj
C:\Users\dx\Downloads\FaceTrackingVisualization\Int\SingleFace\Win32\Debug\SingleFace.obj
C:\Users\dx\Downloads\FaceTrackingVisualization\Int\SingleFace\Win32\Debug\stdafx.obj
C:\Users\dx\Downloads\FaceTrackingVisualization\Int\SingleFace\Win32\Debug\Visualize.obj
C:\Users\dx\Downloads\FaceTrackingVisualization\Int\SingleFace\Win32\Debug\SingleFace.res
C:\Users\dx\Downloads\FaceTrackingVisualization\Int\SingleFace\Win32\Debug\SingleFace.pch
C:\Users\dx\Downloads\FaceTrackingVisualization\Int\SingleFace\Win32\Debug\vc120.idb
C:\Users\dx\Downloads\FaceTrackingVisualization\Int\SingleFace\Win32\Debug\vc120.pdb
C:\Users\dx\Downloads\FaceTrackingVisualization\Out\SingleFace\Win32\Debug\SingleFace.pdb
C:\Users\dx\Downloads\FaceTrackingVisualization\Out\SingleFace\Win32\Debug\SingleFace.exe
C:\Users\dx\Downloads\FaceTrackingVisualization\Out\SingleFace\Win32\Debug\SingleFace.ilk
C:\Users\dx\Downloads\FaceTrackingVisualization\Int\SingleFace\Win32\Debug\SingleFace.tlog\cl.command.1.tlog
C:\Users\dx\Downloads\FaceTrackingVisualization\Int\SingleFace\Win32\Debug\SingleFace.tlog\CL.read.1.tlog
C:\Users\dx\Downloads\FaceTrackingVisualization\Int\SingleFace\Win32\Debug\SingleFace.tlog\CL.write.1.tlog
C:\Users\dx\Downloads\FaceTrackingVisualization\Int\SingleFace\Win32\Debug\SingleFace.tlog\link.command.1.tlog
C:\Users\dx\Downloads\FaceTrackingVisualization\Int\SingleFace\Win32\Debug\SingleFace.tlog\link.read.1.tlog
C:\Users\dx\Downloads\FaceTrackingVisualization\Int\SingleFace\Win32\Debug\SingleFace.tlog\link.write.1.tlog
C:\Users\dx\Downloads\FaceTrackingVisualization\Int\SingleFace\Win32\Debug\SingleFace.tlog\rc.command.1.tlog
C:\Users\dx\Downloads\FaceTrackingVisualization\Int\SingleFace\Win32\Debug\SingleFace.tlog\rc.read.1.tlog
C:\Users\dx\Downloads\FaceTrackingVisualization\Int\SingleFace\Win32\Debug\SingleFace.tlog\rc.write.1.tlog
