Build started 2013-09-02 12:32:16 PM.
     1>Project "C:\Users\dx\Downloads\FaceTrackingVisualization\MultiFace\MultiFace.vcxproj" on node 3 (Build target(s)).
     1>ClCompile:
         C:\Program Files (x86)\Microsoft Visual Studio 12.0\VC\bin\CL.exe /c /Zi /nologo /W3 /WX- /O2 /Oi /Oy- /GL /D WIN32 /D NDEBUG /D _WINDOWS /D _UNICODE /D UNICODE /Gm- /EHsc /MD /GS /Gy /fp:precise /Zc:wchar_t /Zc:forScope /Yu"stdafx.h" /Fp"C:\Users\dx\Downloads\FaceTrackingVisualization\Int\MultiFace\Win32\Release\MultiFace.pch" /Fo"C:\Users\dx\Downloads\FaceTrackingVisualization\Int\MultiFace\Win32\Release\\" /Fd"C:\Users\dx\Downloads\FaceTrackingVisualization\Int\MultiFace\Win32\Release\vc120.pdb" /Gd /TP /analyze- /errorReport:prompt ..\SingleFace\KinectSensor.cpp ..\SingleFace\Visualize.cpp
         KinectSensor.cpp
         Visualize.cpp
       Link:
         C:\Program Files (x86)\Microsoft Visual Studio 12.0\VC\bin\link.exe /ERRORREPORT:PROMPT /OUT:"C:\Users\dx\Downloads\FaceTrackingVisualization\Out\MultiFace\Win32\Release\MultiFace.exe" /INCREMENTAL:NO /NOLOGO FaceTrackLib.lib Kinect10.lib kernel32.lib user32.lib gdi32.lib winspool.lib comdlg32.lib advapi32.lib shell32.lib ole32.lib oleaut32.lib uuid.lib odbc32.lib odbccp32.lib /MANIFEST /MANIFESTUAC:"level='asInvoker' uiAccess='false'" /manifest:embed /DEBUG /PDB:"C:\Users\dx\Downloads\FaceTrackingVisualization\Out\MultiFace\Win32\Release\MultiFace.pdb" /SUBSYSTEM:WINDOWS /OPT:REF /OPT:ICF /LTCG /TLBID:1 /DYNAMICBASE /NXCOMPAT /IMPLIB:"C:\Users\dx\Downloads\FaceTrackingVisualization\Out\MultiFace\Win32\Release\MultiFace.lib" /MACHINE:X86 /SAFESEH C:\Users\dx\Downloads\FaceTrackingVisualization\Int\MultiFace\Win32\Release\MultiFace.res
         C:\Users\dx\Downloads\FaceTrackingVisualization\Int\MultiFace\Win32\Release\eggavatar.obj
         C:\Users\dx\Downloads\FaceTrackingVisualization\Int\MultiFace\Win32\Release\KinectSensor.obj
         C:\Users\dx\Downloads\FaceTrackingVisualization\Int\MultiFace\Win32\Release\Visualize.obj
         C:\Users\dx\Downloads\FaceTrackingVisualization\Int\MultiFace\Win32\Release\FTHelper2.obj
         C:\Users\dx\Downloads\FaceTrackingVisualization\Int\MultiFace\Win32\Release\MultiFace.obj
         C:\Users\dx\Downloads\FaceTrackingVisualization\Int\MultiFace\Win32\Release\stdafx.obj
         Generating code
         Finished generating code
         MultiFace.vcxproj -> C:\Users\dx\Downloads\FaceTrackingVisualization\Out\MultiFace\Win32\Release\MultiFace.exe
       PostBuildEvent:
         xcopy "C:\Program Files\Microsoft SDKs\Kinect\Developer Toolkit v1.7.0\Redist\x86\FaceTrackLib.dll" "C:\Users\dx\Downloads\FaceTrackingVisualization\Out\MultiFace\Win32\Release\" /eiycq
         xcopy "C:\Program Files\Microsoft SDKs\Kinect\Developer Toolkit v1.7.0\Redist\x86\FaceTrackData.dll" "C:\Users\dx\Downloads\FaceTrackingVisualization\Out\MultiFace\Win32\Release\" /eiycq
         :VCEnd
         1 File(s) copied
         1 File(s) copied
     1>Done Building Project "C:\Users\dx\Downloads\FaceTrackingVisualization\MultiFace\MultiFace.vcxproj" (Build target(s)).

Build succeeded.

Time Elapsed 00:00:01.08
