This is pdfTeX, Version 3.14159265-2.6-1.40.16 (MiKTeX 2.9) (preloaded format=pdflatex 2015.9.2)  10 JUL 2016 16:53
entering extended mode
**ut-thesis.tex
(ut-thesis.tex
LaTeX2e <2015/01/01> patch level 2
Babel <3.9m> and hyphenation patterns for 69 languages loaded.
(ut-thesis.cls
Document Class: ut-thesis 2012/06/01 v2.0 graduate theses at the University of 
Toronto
\@thesisfootnotesep=\skip41
\@thesismarginparpush=\skip42
("C:\Program Files (x86)\MiKTeX 2.9\tex\latex\base\report.cls"
Document Class: report 2014/09/29 v1.4h Standard LaTeX document class
("C:\Program Files (x86)\MiKTeX 2.9\tex\latex\base\size10.clo"
File: size10.clo 2014/09/29 v1.4h Standard LaTeX file (size option)
)
\c@part=\count79
\c@chapter=\count80
\c@section=\count81
\c@subsection=\count82
\c@subsubsection=\count83
\c@paragraph=\count84
\c@subparagraph=\count85
\c@figure=\count86
\c@table=\count87
\abovecaptionskip=\skip43
\belowcaptionskip=\skip44
\bibindent=\dimen102
)
("C:\Program Files (x86)\MiKTeX 2.9\tex\latex\tools\calc.sty"
Package: calc 2014/10/28 v4.3 Infix arithmetic (KKT,FJ)
\calc@Acount=\count88
\calc@Bcount=\count89
\calc@Adimen=\dimen103
\calc@Bdimen=\dimen104
\calc@Askip=\skip45
\calc@Bskip=\skip46
LaTeX Info: Redefining \setlength on input line 80.
LaTeX Info: Redefining \addtolength on input line 81.
\calc@Ccount=\count90
\calc@Cskip=\skip47
)
("C:\Program Files (x86)\MiKTeX 2.9\tex\latex\geometry\geometry.sty"
Package: geometry 2010/09/12 v5.6 Page Geometry

("C:\Program Files (x86)\MiKTeX 2.9\tex\latex\graphics\keyval.sty"
Package: keyval 2014/10/28 v1.15 key=value parser (DPC)
\KV@toks@=\toks14
)
("C:\Program Files (x86)\MiKTeX 2.9\tex\generic\oberdiek\ifpdf.sty"
Package: ifpdf 2011/01/30 v2.3 Provides the ifpdf switch (HO)
Package ifpdf Info: pdfTeX in PDF mode is detected.
)
("C:\Program Files (x86)\MiKTeX 2.9\tex\generic\oberdiek\ifvtex.sty"
Package: ifvtex 2010/03/01 v1.5 Detect VTeX and its facilities (HO)
Package ifvtex Info: VTeX not detected.
)
("C:\Program Files (x86)\MiKTeX 2.9\tex\generic\ifxetex\ifxetex.sty"
Package: ifxetex 2010/09/12 v0.6 Provides ifxetex conditional
)
\Gm@cnth=\count91
\Gm@cntv=\count92
\c@Gm@tempcnt=\count93
\Gm@bindingoffset=\dimen105
\Gm@wd@mp=\dimen106
\Gm@odd@mp=\dimen107
\Gm@even@mp=\dimen108
\Gm@layoutwidth=\dimen109
\Gm@layoutheight=\dimen110
\Gm@layouthoffset=\dimen111
\Gm@layoutvoffset=\dimen112
\Gm@dimlist=\toks15

("C:\Program Files (x86)\MiKTeX 2.9\tex\latex\geometry\geometry.cfg"))
("C:\Program Files (x86)\MiKTeX 2.9\tex\latex\setspace\setspace.sty"
Package: setspace 2011/12/19 v6.7a set line spacing
))
("C:\Program Files (x86)\MiKTeX 2.9\tex\latex\amsmath\amsmath.sty"
Package: amsmath 2013/01/14 v2.14 AMS math features
\@mathmargin=\skip48

For additional information on amsmath, use the `?' option.
("C:\Program Files (x86)\MiKTeX 2.9\tex\latex\amsmath\amstext.sty"
Package: amstext 2000/06/29 v2.01

("C:\Program Files (x86)\MiKTeX 2.9\tex\latex\amsmath\amsgen.sty"
File: amsgen.sty 1999/11/30 v2.0
\@emptytoks=\toks16
\ex@=\dimen113
))
("C:\Program Files (x86)\MiKTeX 2.9\tex\latex\amsmath\amsbsy.sty"
Package: amsbsy 1999/11/29 v1.2d
\pmbraise@=\dimen114
)
("C:\Program Files (x86)\MiKTeX 2.9\tex\latex\amsmath\amsopn.sty"
Package: amsopn 1999/12/14 v2.01 operator names
)
\inf@bad=\count94
LaTeX Info: Redefining \frac on input line 210.
\uproot@=\count95
\leftroot@=\count96
LaTeX Info: Redefining \overline on input line 306.
\classnum@=\count97
\DOTSCASE@=\count98
LaTeX Info: Redefining \ldots on input line 378.
LaTeX Info: Redefining \dots on input line 381.
LaTeX Info: Redefining \cdots on input line 466.
\Mathstrutbox@=\box26
\strutbox@=\box27
\big@size=\dimen115
LaTeX Font Info:    Redeclaring font encoding OML on input line 566.
LaTeX Font Info:    Redeclaring font encoding OMS on input line 567.
\macc@depth=\count99
\c@MaxMatrixCols=\count100
\dotsspace@=\muskip10
\c@parentequation=\count101
\dspbrk@lvl=\count102
\tag@help=\toks17
\row@=\count103
\column@=\count104
\maxfields@=\count105
\andhelp@=\toks18
\eqnshift@=\dimen116
\alignsep@=\dimen117
\tagshift@=\dimen118
\tagwidth@=\dimen119
\totwidth@=\dimen120
\lineht@=\dimen121
\@envbody=\toks19
\multlinegap=\skip49
\multlinetaggap=\skip50
\mathdisplay@stack=\toks20
LaTeX Info: Redefining \[ on input line 2665.
LaTeX Info: Redefining \] on input line 2666.
)
("C:\Program Files (x86)\MiKTeX 2.9\tex\latex\graphics\graphicx.sty"
Package: graphicx 2014/10/28 v1.0g Enhanced LaTeX Graphics (DPC,SPQR)

("C:\Program Files (x86)\MiKTeX 2.9\tex\latex\graphics\graphics.sty"
Package: graphics 2014/10/28 v1.0p Standard LaTeX Graphics (DPC,SPQR)

("C:\Program Files (x86)\MiKTeX 2.9\tex\latex\graphics\trig.sty"
Package: trig 1999/03/16 v1.09 sin cos tan (DPC)
)
("C:\Program Files (x86)\MiKTeX 2.9\tex\latex\00miktex\graphics.cfg"
File: graphics.cfg 2007/01/18 v1.5 graphics configuration of teTeX/TeXLive
)
Package graphics Info: Driver file: pdftex.def on input line 94.

("C:\Program Files (x86)\MiKTeX 2.9\tex\latex\pdftex-def\pdftex.def"
File: pdftex.def 2011/05/27 v0.06d Graphics/color for pdfTeX

("C:\Program Files (x86)\MiKTeX 2.9\tex\generic\oberdiek\infwarerr.sty"
Package: infwarerr 2010/04/08 v1.3 Providing info/warning/error messages (HO)
)
("C:\Program Files (x86)\MiKTeX 2.9\tex\generic\oberdiek\ltxcmds.sty"
Package: ltxcmds 2011/11/09 v1.22 LaTeX kernel commands for general use (HO)
)
\Gread@gobject=\count106
))
\Gin@req@height=\dimen122
\Gin@req@width=\dimen123
)
("C:\Program Files (x86)\MiKTeX 2.9\tex\latex\caption\caption.sty"
Package: caption 2013/05/02 v3.3-89 Customizing captions (AR)

("C:\Program Files (x86)\MiKTeX 2.9\tex\latex\caption\caption3.sty"
Package: caption3 2013/05/02 v1.6-88 caption3 kernel (AR)
Package caption3 Info: TeX engine: e-TeX on input line 57.
\captionmargin=\dimen124
\captionmargin@=\dimen125
\captionwidth=\dimen126
\caption@tempdima=\dimen127
\caption@indent=\dimen128
\caption@parindent=\dimen129
\caption@hangindent=\dimen130
)
\c@ContinuedFloat=\count107
)
("C:\Program Files (x86)\MiKTeX 2.9\tex\latex\caption\subcaption.sty"
Package: subcaption 2013/02/03 v1.1-62 Sub-captions (AR)
\c@subfigure=\count108
\c@subtable=\count109
)
("C:\Program Files (x86)\MiKTeX 2.9\tex\latex\float\float.sty"
Package: float 2001/11/08 v1.3d Float enhancements (AL)
\c@float@type=\count110
\float@exts=\toks21
\float@box=\box28
\@float@everytoks=\toks22
\@floatcapt=\box29
)
("C:\Program Files (x86)\MiKTeX 2.9\tex\latex\oberdiek\epstopdf.sty"
Package: epstopdf 2010/02/09 v2.5 Conversion with epstopdf on the fly (HO)

("C:\Program Files (x86)\MiKTeX 2.9\tex\latex\oberdiek\epstopdf-base.sty"
Package: epstopdf-base 2010/02/09 v2.5 Base part for package epstopdf

("C:\Program Files (x86)\MiKTeX 2.9\tex\latex\oberdiek\grfext.sty"
Package: grfext 2010/08/19 v1.1 Manage graphics extensions (HO)

("C:\Program Files (x86)\MiKTeX 2.9\tex\generic\oberdiek\kvdefinekeys.sty"
Package: kvdefinekeys 2011/04/07 v1.3 Define keys (HO)
))
("C:\Program Files (x86)\MiKTeX 2.9\tex\latex\oberdiek\kvoptions.sty"
Package: kvoptions 2011/06/30 v3.11 Key value format for package options (HO)

("C:\Program Files (x86)\MiKTeX 2.9\tex\generic\oberdiek\kvsetkeys.sty"
Package: kvsetkeys 2012/04/25 v1.16 Key value parser (HO)

("C:\Program Files (x86)\MiKTeX 2.9\tex\generic\oberdiek\etexcmds.sty"
Package: etexcmds 2011/02/16 v1.5 Avoid name clashes with e-TeX commands (HO)

("C:\Program Files (x86)\MiKTeX 2.9\tex\generic\oberdiek\ifluatex.sty"
Package: ifluatex 2010/03/01 v1.3 Provides the ifluatex switch (HO)
Package ifluatex Info: LuaTeX not detected.
)
Package etexcmds Info: Could not find \expanded.
(etexcmds)             That can mean that you are not using pdfTeX 1.50 or
(etexcmds)             that some package has redefined \expanded.
(etexcmds)             In the latter case, load this package earlier.
)))
("C:\Program Files (x86)\MiKTeX 2.9\tex\generic\oberdiek\pdftexcmds.sty"
Package: pdftexcmds 2011/11/29 v0.20 Utility functions of pdfTeX for LuaTeX (HO
)
Package pdftexcmds Info: LuaTeX not detected.
Package pdftexcmds Info: \pdf@primitive is available.
Package pdftexcmds Info: \pdf@ifprimitive is available.
Package pdftexcmds Info: \pdfdraftmode found.
)
Package grfext Info: Graphics extension search list:
(grfext)             [.png,.pdf,.jpg,.mps,.jpeg,.jbig2,.jb2,.PNG,.PDF,.JPG,.JPE
G,.JBIG2,.JB2,.eps]
(grfext)             \AppendGraphicsExtensions on input line 452.
))
("C:\Program Files (x86)\MiKTeX 2.9\tex\latex\hyperref\hyperref.sty"
Package: hyperref 2012/11/06 v6.83m Hypertext links for LaTeX

("C:\Program Files (x86)\MiKTeX 2.9\tex\generic\oberdiek\hobsub-hyperref.sty"
Package: hobsub-hyperref 2012/04/25 v1.12 Bundle oberdiek, subset hyperref (HO)


("C:\Program Files (x86)\MiKTeX 2.9\tex\generic\oberdiek\hobsub-generic.sty"
Package: hobsub-generic 2012/04/25 v1.12 Bundle oberdiek, subset generic (HO)
Package: hobsub 2012/04/25 v1.12 Construct package bundles (HO)
Package hobsub Info: Skipping package `infwarerr' (already loaded).
Package hobsub Info: Skipping package `ltxcmds' (already loaded).
Package hobsub Info: Skipping package `ifluatex' (already loaded).
Package hobsub Info: Skipping package `ifvtex' (already loaded).
Package: intcalc 2007/09/27 v1.1 Expandable calculations with integers (HO)
Package hobsub Info: Skipping package `ifpdf' (already loaded).
Package hobsub Info: Skipping package `etexcmds' (already loaded).
Package hobsub Info: Skipping package `kvsetkeys' (already loaded).
Package hobsub Info: Skipping package `kvdefinekeys' (already loaded).
Package hobsub Info: Skipping package `pdftexcmds' (already loaded).
Package: pdfescape 2011/11/25 v1.13 Implements pdfTeX's escape features (HO)
Package: bigintcalc 2012/04/08 v1.3 Expandable calculations on big integers (HO
)
Package: bitset 2011/01/30 v1.1 Handle bit-vector datatype (HO)
Package: uniquecounter 2011/01/30 v1.2 Provide unlimited unique counter (HO)
)
Package hobsub Info: Skipping package `hobsub' (already loaded).
Package: letltxmacro 2010/09/02 v1.4 Let assignment for LaTeX macros (HO)
Package: hopatch 2011/06/24 v1.1 Wrapper for package hooks (HO)
Package: xcolor-patch 2011/01/30 xcolor patch
Package: atveryend 2011/06/30 v1.8 Hooks at the very end of document (HO)
Package atveryend Info: \enddocument detected (standard20110627).
Package: atbegshi 2011/10/05 v1.16 At begin shipout hook (HO)
Package: refcount 2011/10/16 v3.4 Data extraction from label references (HO)
Package: hycolor 2011/01/30 v1.7 Color options for hyperref/bookmark (HO)
)
("C:\Program Files (x86)\MiKTeX 2.9\tex\latex\oberdiek\auxhook.sty"
Package: auxhook 2011/03/04 v1.3 Hooks for auxiliary files (HO)
)
\@linkdim=\dimen131
\Hy@linkcounter=\count111
\Hy@pagecounter=\count112

("C:\Program Files (x86)\MiKTeX 2.9\tex\latex\hyperref\pd1enc.def"
File: pd1enc.def 2012/11/06 v6.83m Hyperref: PDFDocEncoding definition (HO)
)
\Hy@SavedSpaceFactor=\count113

("C:\Program Files (x86)\MiKTeX 2.9\tex\latex\00miktex\hyperref.cfg"
File: hyperref.cfg 2002/06/06 v1.2 hyperref configuration of TeXLive
)
Package hyperref Info: Hyper figures OFF on input line 4443.
Package hyperref Info: Link nesting OFF on input line 4448.
Package hyperref Info: Hyper index ON on input line 4451.
Package hyperref Info: Plain pages OFF on input line 4458.
Package hyperref Info: Backreferencing OFF on input line 4463.
Package hyperref Info: Implicit mode ON; LaTeX internals redefined.
Package hyperref Info: Bookmarks ON on input line 4688.
\c@Hy@tempcnt=\count114

("C:\Program Files (x86)\MiKTeX 2.9\tex\latex\url\url.sty"
\Urlmuskip=\muskip11
Package: url 2013/09/16  ver 3.4  Verb mode for urls, etc.
)
LaTeX Info: Redefining \url on input line 5041.
\XeTeXLinkMargin=\dimen132
\Fld@menulength=\count115
\Field@Width=\dimen133
\Fld@charsize=\dimen134
Package hyperref Info: Hyper figures OFF on input line 6295.
Package hyperref Info: Link nesting OFF on input line 6300.
Package hyperref Info: Hyper index ON on input line 6303.
Package hyperref Info: backreferencing OFF on input line 6310.
Package hyperref Info: Link coloring OFF on input line 6315.
Package hyperref Info: Link coloring with OCG OFF on input line 6320.
Package hyperref Info: PDF/A mode OFF on input line 6325.
LaTeX Info: Redefining \ref on input line 6365.
LaTeX Info: Redefining \pageref on input line 6369.
\Hy@abspage=\count116
\c@Item=\count117
\c@Hfootnote=\count118
)

Package hyperref Message: Driver (autodetected): hpdftex.

("C:\Program Files (x86)\MiKTeX 2.9\tex\latex\hyperref\hpdftex.def"
File: hpdftex.def 2012/11/06 v6.83m Hyperref driver for pdfTeX
\Fld@listcount=\count119
\c@bookmark@seq@number=\count120

("C:\Program Files (x86)\MiKTeX 2.9\tex\latex\oberdiek\rerunfilecheck.sty"
Package: rerunfilecheck 2011/04/15 v1.7 Rerun checks for auxiliary files (HO)
Package uniquecounter Info: New unique counter `rerunfilecheck' on input line 2
82.
)
\Hy@SectionHShift=\skip51
)
("C:\Program Files (x86)\MiKTeX 2.9\tex\latex\multirow\multirow.sty"
\bigstrutjot=\dimen135
)
("C:\Program Files (x86)\MiKTeX 2.9\tex\latex\appendix\appendix.sty"
Package: appendix 2009/09/02 v1.2b extra appendix facilities
\c@@pps=\count121
\c@@ppsavesec=\count122
\c@@ppsaveapp=\count123
)
("C:\Program Files (x86)\MiKTeX 2.9\tex\latex\tools\longtable.sty"
Package: longtable 2014/10/28 v4.11 Multi-page Table package (DPC)
\LTleft=\skip52
\LTright=\skip53
\LTpre=\skip54
\LTpost=\skip55
\LTchunksize=\count124
\LTcapwidth=\dimen136
\LT@head=\box30
\LT@firsthead=\box31
\LT@foot=\box32
\LT@lastfoot=\box33
\LT@cols=\count125
\LT@rows=\count126
\c@LT@tables=\count127
\c@LT@chunks=\count128
\LT@p@ftn=\toks23
)
(ut-thesis.aux (tex/intro_chp/intro_chp.aux) (tex/lit_rev_chp/lit_rev_chp.aux)
(tex/research_objectives_chp/research_objectives_chp.aux)
(tex/woz_chp/woz_chp.aux) (tex/conclusion_chp/conclusion_chp.aux)
(tex/appendices/appendices_chp.aux))
LaTeX Font Info:    Checking defaults for OML/cmm/m/it on input line 132.
LaTeX Font Info:    ... okay on input line 132.
LaTeX Font Info:    Checking defaults for T1/cmr/m/n on input line 132.
LaTeX Font Info:    ... okay on input line 132.
LaTeX Font Info:    Checking defaults for OT1/cmr/m/n on input line 132.
LaTeX Font Info:    ... okay on input line 132.
LaTeX Font Info:    Checking defaults for OMS/cmsy/m/n on input line 132.
LaTeX Font Info:    ... okay on input line 132.
LaTeX Font Info:    Checking defaults for OMX/cmex/m/n on input line 132.
LaTeX Font Info:    ... okay on input line 132.
LaTeX Font Info:    Checking defaults for U/cmr/m/n on input line 132.
LaTeX Font Info:    ... okay on input line 132.
LaTeX Font Info:    Checking defaults for PD1/pdf/m/n on input line 132.
LaTeX Font Info:    ... okay on input line 132.

*geometry* driver: auto-detecting
*geometry* detected driver: pdftex
*geometry* verbose mode - [ preamble ] result:
* driver: pdftex
* paper: <default>
* layout: <same size as paper>
* layoutoffset:(h,v)=(0.0pt,0.0pt)
* modes: 
* h-part:(L,W,R)=(90.3375pt, 451.68752pt, 72.26999pt)
* v-part:(T,H,B)=(72.26999pt, 650.43001pt, 72.26999pt)
* \paperwidth=614.295pt
* \paperheight=794.96999pt
* \textwidth=451.68752pt
* \textheight=650.43001pt
* \oddsidemargin=18.0675pt
* \evensidemargin=18.0675pt
* \topmargin=-36.135pt
* \headheight=12.0pt
* \headsep=24.135pt
* \topskip=10.0pt
* \footskip=36.135pt
* \marginparwidth=54.2025pt
* \marginparsep=9.03374pt
* \columnsep=10.0pt
* \skip\footins=9.0pt plus 4.0pt minus 2.0pt
* \hoffset=0.0pt
* \voffset=0.0pt
* \mag=1000
* \@twocolumnfalse
* \@twosidefalse
* \@mparswitchfalse
* \@reversemarginfalse
* (1in=72.27pt=25.4mm, 1cm=28.453pt)

("C:\Program Files (x86)\MiKTeX 2.9\tex\context\base\supp-pdf.mkii"
[Loading MPS to PDF converter (version 2006.09.02).]
\scratchcounter=\count129
\scratchdimen=\dimen137
\scratchbox=\box34
\nofMPsegments=\count130
\nofMParguments=\count131
\everyMPshowfont=\toks24
\MPscratchCnt=\count132
\MPscratchDim=\dimen138
\MPnumerator=\count133
\makeMPintoPDFobject=\count134
\everyMPtoPDFconversion=\toks25
)
Package caption Info: Begin \AtBeginDocument code.
Package caption Info: float package is loaded.
Package caption Info: hyperref package is loaded.
Package caption Info: longtable package is loaded.
 ("C:\Program Files (x86)\MiKTeX 2.9\tex\latex\caption\ltcaption.sty"
Package: ltcaption 2013/02/03 v1.3-62 longtable captions (AR)
)
Package caption Info: End \AtBeginDocument code.
\AtBeginShipoutBox=\box35
Package hyperref Info: Link coloring OFF on input line 132.

("C:\Program Files (x86)\MiKTeX 2.9\tex\latex\hyperref\nameref.sty"
Package: nameref 2012/10/27 v2.43 Cross-referencing by name of section

("C:\Program Files (x86)\MiKTeX 2.9\tex\generic\oberdiek\gettitlestring.sty"
Package: gettitlestring 2010/12/03 v1.4 Cleanup title references (HO)
)
\c@section@level=\count135
)
LaTeX Info: Redefining \ref on input line 132.
LaTeX Info: Redefining \pageref on input line 132.
LaTeX Info: Redefining \nameref on input line 132.

(ut-thesis.out) (ut-thesis.out)
\@outlinefile=\write3
LaTeX Font Info:    Try loading font information for OMS+cmr on input line 139.


("C:\Program Files (x86)\MiKTeX 2.9\tex\latex\base\omscmr.fd"
File: omscmr.fd 2014/09/29 v2.5h Standard LaTeX font definitions
)
LaTeX Font Info:    Font shape `OMS/cmr/m/n' in size <12> not available
(Font)              Font shape `OMS/cmsy/m/n' tried instead on input line 139.
 [1

{C:/Users/David/AppData/Local/MiKTeX/2.9/pdftex/config/pdftex.map}] [2] [3] (ut
-thesis.toc
[4

] [5])
\tf@toc=\write4
 [6] (ut-thesis.lot)
\tf@lot=\write5
 [7

] (ut-thesis.lof)
\tf@lof=\write6
 [8

]
(tex/intro_chp/intro_chp.tex
Chapter 1.
(tex/intro_chp/motivation.tex [1



]) (tex/intro_chp/roadmap.tex)) [2]
(tex/lit_rev_chp/lit_rev_chp.tex
Chapter 2.
(tex/lit_rev_chp/ASD_interventions.tex [3



]
Missing character: There is no ‚ in font cmr10!
Missing character: There is no Ä in font cmr10!
Missing character: There is no ì in font cmr10!
Missing character: There is no ‚ in font cmr10!
Missing character: There is no Ä in font cmr10!
Missing character: There is no ò in font cmr10!
Missing character: There is no ‚ in font cmr10!
Missing character: There is no Ä in font cmr10!
Missing character: There is no ô in font cmr10!
 [4])
(tex/lit_rev_chp/assistive_technology_for_ASD.tex [5] [6] [7]
Underfull \vbox (badness 1769) has occurred while \output is active []

 [8]
[9]
Underfull \vbox (badness 10000) has occurred while \output is active []

 [10]
Missing character: There is no ‚ in font cmr10!
Missing character: There is no Ä in font cmr10!
Missing character: There is no ò in font cmr10!
Missing character: There is no ‚ in font cmr10!
Missing character: There is no Ä in font cmr10!
Missing character: There is no ô in font cmr10!

[11]
Underfull \vbox (badness 4193) has occurred while \output is active []

 [12])
(tex/lit_rev_chp/HRI.tex [13]
Missing character: There is no ‚ in font cmr10!
Missing character: There is no Ä in font cmr10!
Missing character: There is no ì in font cmr10!
 [14])
(tex/lit_rev_chp/robots_in_ASD_interventions.tex [15]
LaTeX Font Info:    Font shape `OMS/cmr/m/n' in size <10> not available
(Font)              Font shape `OMS/cmsy/m/n' tried instead on input line 25.

<./img/ravindra2009therapeutic.png, id=788, 204.765pt x 163.73672pt>
File: ./img/ravindra2009therapeutic.png Graphic file (type png)

<use ./img/ravindra2009therapeutic.png>
Package pdftex.def Info: ./img/ravindra2009therapeutic.png used on input line 3
0.
(pdftex.def)             Requested size: 271.01526pt x 216.72775pt.

Underfull \vbox (badness 10000) has occurred while \output is active []

 [16]))
[17 <./img/ravindra2009therapeutic.png>]
(tex/research_objectives_chp/research_objectives_chp.tex
Chapter 3.
<./img/nao_t14_schema.png, id=808, 489.83pt x 347.2975pt>
File: ./img/nao_t14_schema.png Graphic file (type png)

<use ./img/nao_t14_schema.png>
Package pdftex.def Info: ./img/nao_t14_schema.png used on input line 9.
(pdftex.def)             Requested size: 271.01526pt x 192.15886pt.
 [18



 <./img/nao_t14_schema.png>]) [19]
(tex/woz_chp/woz_chp.tex
Chapter 4.
(tex/woz_chp/research_design.tex [20



]
Underfull \vbox (badness 10000) has occurred while \output is active []

 [21]
[22]) (tex/woz_chp/recruitment.tex
Missing character: There is no ‚ in font cmr10!
Missing character: There is no Ä in font cmr10!
Missing character: There is no ì in font cmr10!
 [23]) (tex/woz_chp/NAO.tex
<./img/nao-torso.jpg, id=866, 426.09187pt x 454.69875pt>
File: ./img/nao-torso.jpg Graphic file (type jpg)

<use ./img/nao-torso.jpg>
Package pdftex.def Info: ./img/nao-torso.jpg used on input line 6.
(pdftex.def)             Requested size: 193.7747pt x 206.78418pt.

Overfull \hbox (17.61685pt too wide) in paragraph at lines 6--7
[][] 
 []

File: ./img/nao_t14_schema.png Graphic file (type png)
<use ./img/nao_t14_schema.png>
Package pdftex.def Info: ./img/nao_t14_schema.png used on input line 10.
(pdftex.def)             Requested size: 293.14499pt x 207.85017pt.

Overfull \hbox (26.65102pt too wide) in paragraph at lines 10--11
[][] 
 []


LaTeX Warning: `h' float specifier changed to `ht'.

<./img/exp_setup_labeled.jpg, id=868, 614.295pt x 794.97pt>
File: ./img/exp_setup_labeled.jpg Graphic file (type jpg)

<use ./img/exp_setup_labeled.jpg>
Package pdftex.def Info: ./img/exp_setup_labeled.jpg used on input line 29.
(pdftex.def)             Requested size: 329.80219pt x 426.79134pt.


LaTeX Warning: `h' float specifier changed to `ht'.

[24]
Missing character: There is no ‚ in font cmr10!
Missing character: There is no Ä in font cmr10!
Missing character: There is no ô in font cmr10!
) (tex/woz_chp/surveys.tex [25 <./img/nao-torso.jpg>] [26 <./img/exp_setup_labe
led.jpg>]) (tex/woz_chp/interviews.tex) (tex/woz_chp/protocol_and_setup.tex [27
] <./img/overhead_view.jpg, id=896, 240.9pt x 180.675pt>
File: ./img/overhead_view.jpg Graphic file (type jpg)

<use ./img/overhead_view.jpg>
Package pdftex.def Info: ./img/overhead_view.jpg used on input line 24.
(pdftex.def)             Requested size: 243.46364pt x 182.60435pt.

Overfull \hbox (22.13428pt too wide) in paragraph at lines 24--25
[][] 
 []

<./img/scene_view.jpg, id=897, 226.665pt x 127.458pt>
File: ./img/scene_view.jpg Graphic file (type jpg)

<use ./img/scene_view.jpg>
Package pdftex.def Info: ./img/scene_view.jpg used on input line 31.
(pdftex.def)             Requested size: 243.46364pt x 136.90767pt.

Overfull \hbox (22.13428pt too wide) in paragraph at lines 31--32
[][] 
 []

<./img/kinect_view.jpg, id=898, 722.7pt x 406.51875pt>
File: ./img/kinect_view.jpg Graphic file (type jpg)

<use ./img/kinect_view.jpg>
Package pdftex.def Info: ./img/kinect_view.jpg used on input line 38.
(pdftex.def)             Requested size: 243.46364pt x 136.94913pt.

Overfull \hbox (22.13428pt too wide) in paragraph at lines 38--39
[][] 
 []


Underfull \vbox (badness 10000) has occurred while \output is active []

 [28]
Underfull \vbox (badness 10000) has occurred while \output is active []

 [29 <./img/overhead_view.jpg> <./img/scene_view.jpg> <./img/kinect_view.jpg>] 
[30]
Missing character: There is no ‚ in font cmr10!
Missing character: There is no Ä in font cmr10!
Missing character: There is no ú in font cmr10!
Missing character: There is no ‚ in font cmr10!
Missing character: There is no Ä in font cmr10!
Missing character: There is no ù in font cmr10!
Missing character: There is no ‚ in font cmr10!
Missing character: There is no Ä in font cmr10!
Missing character: There is no ú in font cmr10!
Missing character: There is no ‚ in font cmr10!
Missing character: There is no Ä in font cmr10!
Missing character: There is no ù in font cmr10!
Missing character: There is no ‚ in font cmr10!
Missing character: There is no Ä in font cmr10!
Missing character: There is no ú in font cmr10!
Missing character: There is no ‚ in font cmr10!
Missing character: There is no Ä in font cmr10!
Missing character: There is no ù in font cmr10!
Missing character: There is no ‚ in font cmr10!
Missing character: There is no Ä in font cmr10!
Missing character: There is no ú in font cmr10!
Missing character: There is no ‚ in font cmr10!
Missing character: There is no Ä in font cmr10!
Missing character: There is no ù in font cmr10!

Underfull \hbox (badness 8038) in paragraph at lines 100--100
[]\OT1/cmr/m/n/10 Let's con-tinue wash-ing
 []


Overfull \hbox (20.5159pt too wide) in paragraph at lines 82--104
 [][] 
 []


LaTeX Warning: `h' float specifier changed to `ht'.

Missing character: There is no ‚ in font cmr10!
Missing character: There is no Ä in font cmr10!
Missing character: There is no ú in font cmr10!
Missing character: There is no ‚ in font cmr10!
Missing character: There is no Ä in font cmr10!
Missing character: There is no ù in font cmr10!
Missing character: There is no ‚ in font cmr10!
Missing character: There is no Ä in font cmr10!
Missing character: There is no ú in font cmr10!
Missing character: There is no ‚ in font cmr10!
Missing character: There is no Ä in font cmr10!
Missing character: There is no ù in font cmr10!
Missing character: There is no ‚ in font cmr10!
Missing character: There is no Ä in font cmr10!
Missing character: There is no ú in font cmr10!
Missing character: There is no ‚ in font cmr10!
Missing character: There is no Ä in font cmr10!
Missing character: There is no ù in font cmr10!
Missing character: There is no ‚ in font cmr10!
Missing character: There is no Ä in font cmr10!
Missing character: There is no ú in font cmr10!
Missing character: There is no ‚ in font cmr10!
Missing character: There is no Ä in font cmr10!
Missing character: There is no ù in font cmr10!
[31] [32] [33]) (tex/woz_chp/interview_transcription.tex)
(tex/woz_chp/video_annotation_protocol.tex

LaTeX Warning: `h' float specifier changed to `ht'.

[34]) (tex/woz_chp/measures.tex) (tex/woz_chp/data_analysis_and_results.tex
[35] [36]
Package epstopdf Info: Source file: <./img/data_analysis/6ParentInvolvement.eps
>
(epstopdf)                    date: 2016-03-30 15:13:12
(epstopdf)                    size: 23915 bytes
(epstopdf)             Output file: <./img/data_analysis/6ParentInvolvement-eps
-converted-to.pdf>
(epstopdf)                    date: 2016-03-30 15:13:12
(epstopdf)                    size: 20121 bytes
(epstopdf)             Command: <epstopdf --outfile=./img/data_analysis/6Parent
Involvement-eps-converted-to.pdf ./img/data_analysis/6ParentInvolvement.eps>
(epstopdf)             \includegraphics on input line 43.
Package epstopdf Info: Output file is already uptodate.

<./img/data_analysis/6ParentInvolvement-eps-converted-to.pdf, id=962, 578.16pt 
x 433.62pt>
File: ./img/data_analysis/6ParentInvolvement-eps-converted-to.pdf Graphic file 
(type pdf)
 <use ./img/data_analysis/6ParentInvolvement-eps-converted-to.pdf>
Package pdftex.def Info: ./img/data_analysis/6ParentInvolvement-eps-converted-t
o.pdf used on input line 43.
(pdftex.def)             Requested size: 271.01526pt x 203.25887pt.

[37]
Package epstopdf Info: Source file: <./img/data_analysis/7NumberofParentPrompts
-PhysInterv.eps>
(epstopdf)                    date: 2016-03-30 15:13:12
(epstopdf)                    size: 29353 bytes
(epstopdf)             Output file: <./img/data_analysis/7NumberofParentPrompts
-PhysInterv-eps-converted-to.pdf>
(epstopdf)                    date: 2016-03-30 15:13:12
(epstopdf)                    size: 24337 bytes
(epstopdf)             Command: <epstopdf --outfile=./img/data_analysis/7Number
ofParentPrompts-PhysInterv-eps-converted-to.pdf ./img/data_analysis/7NumberofPa
rentPrompts-PhysInterv.eps>
(epstopdf)             \includegraphics on input line 51.
Package epstopdf Info: Output file is already uptodate.

<./img/data_analysis/7NumberofParentPrompts-PhysInterv-eps-converted-to.pdf, id
=969, 578.16pt x 433.62pt>
File: ./img/data_analysis/7NumberofParentPrompts-PhysInterv-eps-converted-to.pd
f Graphic file (type pdf)

<use ./img/data_analysis/7NumberofParentPrompts-PhysInterv-eps-converted-to.pdf
>
Package pdftex.def Info: ./img/data_analysis/7NumberofParentPrompts-PhysInterv-
eps-converted-to.pdf used on input line 51.
(pdftex.def)             Requested size: 271.01526pt x 203.25887pt.
 [38 <./img/data_analysis/6ParentInvolvement-eps-converted-to.pdf> <./img/data_
analysis/7NumberofParentPrompts-PhysInterv-eps-converted-to.pdf>]
Package epstopdf Info: Source file: <./img/data_analysis/0NumberofStepsComplete
d-Overall.eps>
(epstopdf)                    date: 2016-03-30 15:13:12
(epstopdf)                    size: 29510 bytes
(epstopdf)             Output file: <./img/data_analysis/0NumberofStepsComplete
d-Overall-eps-converted-to.pdf>
(epstopdf)                    date: 2016-03-30 15:13:12
(epstopdf)                    size: 23553 bytes
(epstopdf)             Command: <epstopdf --outfile=./img/data_analysis/0Number
ofStepsCompleted-Overall-eps-converted-to.pdf ./img/data_analysis/0NumberofStep
sCompleted-Overall.eps>
(epstopdf)             \includegraphics on input line 68.
Package epstopdf Info: Output file is already uptodate.

<./img/data_analysis/0NumberofStepsCompleted-Overall-eps-converted-to.pdf, id=1
044, 578.16pt x 433.62pt>
File: ./img/data_analysis/0NumberofStepsCompleted-Overall-eps-converted-to.pdf 
Graphic file (type pdf)

<use ./img/data_analysis/0NumberofStepsCompleted-Overall-eps-converted-to.pdf>
Package pdftex.def Info: ./img/data_analysis/0NumberofStepsCompleted-Overall-ep
s-converted-to.pdf used on input line 68.
(pdftex.def)             Requested size: 271.01526pt x 203.25887pt.

[39 <./img/data_analysis/0NumberofStepsCompleted-Overall-eps-converted-to.pdf>]
Package epstopdf Info: Source file: <./img/data_analysis/4CompliedPromptRate-Ov
erall.eps>
(epstopdf)                    date: 2016-03-30 15:13:12
(epstopdf)                    size: 29143 bytes
(epstopdf)             Output file: <./img/data_analysis/4CompliedPromptRate-Ov
erall-eps-converted-to.pdf>
(epstopdf)                    date: 2016-03-30 15:13:12
(epstopdf)                    size: 24314 bytes
(epstopdf)             Command: <epstopdf --outfile=./img/data_analysis/4Compli
edPromptRate-Overall-eps-converted-to.pdf ./img/data_analysis/4CompliedPromptRa
te-Overall.eps>
(epstopdf)             \includegraphics on input line 85.
Package epstopdf Info: Output file is already uptodate.

<./img/data_analysis/4CompliedPromptRate-Overall-eps-converted-to.pdf, id=1088,
 578.16pt x 433.62pt>
File: ./img/data_analysis/4CompliedPromptRate-Overall-eps-converted-to.pdf Grap
hic file (type pdf)

<use ./img/data_analysis/4CompliedPromptRate-Overall-eps-converted-to.pdf>
Package pdftex.def Info: ./img/data_analysis/4CompliedPromptRate-Overall-eps-co
nverted-to.pdf used on input line 85.
(pdftex.def)             Requested size: 271.01526pt x 203.25887pt.
Package epstopdf Info: Source file: <./img/data_analysis/1IgnoredPromptRate-Ove
rall.eps>
(epstopdf)                    date: 2016-03-30 15:13:12
(epstopdf)                    size: 30279 bytes
(epstopdf)             Output file: <./img/data_analysis/1IgnoredPromptRate-Ove
rall-eps-converted-to.pdf>
(epstopdf)                    date: 2016-03-30 15:13:12
(epstopdf)                    size: 25375 bytes
(epstopdf)             Command: <epstopdf --outfile=./img/data_analysis/1Ignore
dPromptRate-Overall-eps-converted-to.pdf ./img/data_analysis/1IgnoredPromptRate
-Overall.eps>
(epstopdf)             \includegraphics on input line 91.
Package epstopdf Info: Output file is already uptodate.

<./img/data_analysis/1IgnoredPromptRate-Overall-eps-converted-to.pdf, id=1089, 
578.16pt x 433.62pt>
File: ./img/data_analysis/1IgnoredPromptRate-Overall-eps-converted-to.pdf Graph
ic file (type pdf)

<use ./img/data_analysis/1IgnoredPromptRate-Overall-eps-converted-to.pdf>
Package pdftex.def Info: ./img/data_analysis/1IgnoredPromptRate-Overall-eps-con
verted-to.pdf used on input line 91.
(pdftex.def)             Requested size: 271.01526pt x 203.25887pt.


LaTeX Warning: `h' float specifier changed to `ht'.


LaTeX Warning: `h' float specifier changed to `ht'.


Underfull \vbox (badness 1424) has occurred while \output is active []

 [40]
[41 <./img/data_analysis/4CompliedPromptRate-Overall-eps-converted-to.pdf>]
Underfull \vbox (badness 10000) has occurred while \output is active []

 [42 <./img/data_analysis/1IgnoredPromptRate-Overall-eps-converted-to.pdf>] [43
] [44]
[45]
Underfull \vbox (badness 10000) has occurred while \output is active []

 [46]
[47]
Underfull \vbox (badness 10000) has occurred while \output is active []

 [48]
[49]) (tex/woz_chp/discussion.tex [50] [51]
Package epstopdf Info: Source file: <./img/data_analysis/5CompliedPromptRate-Ri
nseStep.eps>
(epstopdf)                    date: 2016-03-30 15:13:12
(epstopdf)                    size: 30345 bytes
(epstopdf)             Output file: <./img/data_analysis/5CompliedPromptRate-Ri
nseStep-eps-converted-to.pdf>
(epstopdf)                    date: 2016-03-30 15:13:12
(epstopdf)                    size: 24929 bytes
(epstopdf)             Command: <epstopdf --outfile=./img/data_analysis/5Compli
edPromptRate-RinseStep-eps-converted-to.pdf ./img/data_analysis/5CompliedPrompt
Rate-RinseStep.eps>
(epstopdf)             \includegraphics on input line 33.
Package epstopdf Info: Output file is already uptodate.

<./img/data_analysis/5CompliedPromptRate-RinseStep-eps-converted-to.pdf, id=124
1, 578.16pt x 433.62pt>
File: ./img/data_analysis/5CompliedPromptRate-RinseStep-eps-converted-to.pdf Gr
aphic file (type pdf)

<use ./img/data_analysis/5CompliedPromptRate-RinseStep-eps-converted-to.pdf>
Package pdftex.def Info: ./img/data_analysis/5CompliedPromptRate-RinseStep-eps-
converted-to.pdf used on input line 33.
(pdftex.def)             Requested size: 271.01526pt x 203.25887pt.
Package epstopdf Info: Source file: <./img/data_analysis/8LongestDurationofRins
esec.eps>
(epstopdf)                    date: 2016-03-30 15:13:12
(epstopdf)                    size: 29459 bytes
(epstopdf)             Output file: <./img/data_analysis/8LongestDurationofRins
esec-eps-converted-to.pdf>
(epstopdf)                    date: 2016-03-30 15:13:12
(epstopdf)                    size: 25168 bytes
(epstopdf)             Command: <epstopdf --outfile=./img/data_analysis/8Longes
tDurationofRinsesec-eps-converted-to.pdf ./img/data_analysis/8LongestDurationof
Rinsesec.eps>
(epstopdf)             \includegraphics on input line 42.
Package epstopdf Info: Output file is already uptodate.

<./img/data_analysis/8LongestDurationofRinsesec-eps-converted-to.pdf, id=1243, 
578.16pt x 433.62pt>
File: ./img/data_analysis/8LongestDurationofRinsesec-eps-converted-to.pdf Graph
ic file (type pdf)

<use ./img/data_analysis/8LongestDurationofRinsesec-eps-converted-to.pdf>
Package pdftex.def Info: ./img/data_analysis/8LongestDurationofRinsesec-eps-con
verted-to.pdf used on input line 42.
(pdftex.def)             Requested size: 271.01526pt x 203.25887pt.

Underfull \vbox (badness 3601) has occurred while \output is active []

 [52 <./img/data_analysis/5CompliedPromptRate-RinseStep-eps-converted-to.pdf>] 
[53 <./img/data_analysis/8LongestDurationofRinsesec-eps-converted-to.pdf>] [54]
 [55]
Underfull \vbox (badness 10000) has occurred while \output is active []

 [56]
[57] [58]
Underfull \vbox (badness 10000) detected at line 124
 []

[59] [60]
Underfull \hbox (badness 2221) in paragraph at lines 134--134
\OT1/cmr/m/n/10 con-trol-ling par-tic-i-pants' hand-
 []


Underfull \hbox (badness 10000) in paragraph at lines 148--148
[]\OT1/cmr/m/n/10 Child does not com-ply to
 []

Missing character: There is no ‚ in font cmr10!
Missing character: There is no Ä in font cmr10!
Missing character: There is no ú in font cmr10!
Missing character: There is no ‚ in font cmr10!
Missing character: There is no Ä in font cmr10!
Missing character: There is no ù in font cmr10!
Missing character: There is no ‚ in font cmr10!
Missing character: There is no Ä in font cmr10!
Missing character: There is no ú in font cmr10!
Missing character: There is no ‚ in font cmr10!
Missing character: There is no Ä in font cmr10!
Missing character: There is no ù in font cmr10!

Underfull \hbox (badness 8019) in paragraph at lines 150--150
[]\OT1/cmr/m/n/10 Operator is un-fa-mil-iar with
 []


Underfull \vbox (badness 10000) has occurred while \output is active []

 [61]))
[62] [63] (tex/conclusion_chp/conclusion_chp.tex
Chapter 5.
[64



] [65]) [66] (tex/appendices/appendices_chp.tex [67




]
Appendix A.

Overfull \hbox (25.05481pt too wide) in alignment at lines 4--25
 [] [] 
 []


Underfull \vbox (badness 10000) detected at line 25
 []


Overfull \hbox (25.05481pt too wide) in alignment at lines 25--45
 [] [] 
 []


Overfull \hbox (25.05481pt too wide) in alignment at lines 45--65
 [] [] 
 []

[68

]
Overfull \hbox (25.05481pt too wide) in alignment at lines 65--74
 [] [] 
 []

[69] [70]
Appendix B.

Overfull \hbox (27.66237pt too wide) in paragraph at lines 80--104
 [][] 
 []

) [71

] (ut-thesis.bbl
Missing character: There is no ‚ in font cmr10!
Missing character: There is no Ä in font cmr10!
Missing character: There is no î in font cmr10!
Missing character: There is no ‚ in font cmr10!
Missing character: There is no Ä in font cmr10!
Missing character: There is no ô in font cmr10!
Missing character: There is no ‚ in font cmr10!
Missing character: There is no Ä in font cmr10!
Missing character: There is no ì in font cmr10!
LaTeX Font Info:    Font shape `OMS/cmr/m/it' in size <10> not available
(Font)              Font shape `OMS/cmsy/m/n' tried instead on input line 46.
 [72


] [73] [74] [75]
Missing character: There is no ‚ in font cmr10!
Missing character: There is no Ä in font cmr10!
Missing character: There is no ô in font cmr10!
Missing character: There is no ‚ in font cmr10!
Missing character: There is no Ä in font cmr10!
Missing character: There is no ô in font cmr10!
Missing character: There is no ‚ in font cmr10!
Missing character: There is no Ä in font cmr10!
Missing character: There is no ô in font cmr10!
 [76] [77]
Missing character: There is no ‚ in font cmr10!
Missing character: There is no Ä in font cmr10!
Missing character: There is no ô in font cmr10!
Missing character: There is no ‚ in font cmr10!
Missing character: There is no Ä in font cmr10!
Missing character: There is no ô in font cmr10!
 [78]
Missing character: There is no ‚ in font cmr10!
Missing character: There is no Ä in font cmr10!
Missing character: There is no ô in font cmr10!
 [79]
Missing character: There is no ‚ in font cmr10!
Missing character: There is no Ä in font cmr10!
Missing character: There is no ô in font cmr10!
Missing character: There is no ‚ in font cmr10!
Missing character: There is no Ä in font cmr10!
Missing character: There is no ô in font cmr10!
Missing character: There is no ‚ in font cmr10!
Missing character: There is no Ä in font cmr10!
Missing character: There is no ô in font cmr10!
 [80]
Missing character: There is no ‚ in font cmr10!
Missing character: There is no Ä in font cmr10!
Missing character: There is no ô in font cmr10!
 [81]
Missing character: There is no ‚ in font cmr10!
Missing character: There is no Ä in font cmr10!
Missing character: There is no ô in font cmr10!
)
Package atveryend Info: Empty hook `BeforeClearDocument' on input line 242.

[82]
Package atveryend Info: Empty hook `AfterLastShipout' on input line 242.
 (ut-thesis.aux (tex/intro_chp/intro_chp.aux)
(tex/lit_rev_chp/lit_rev_chp.aux)
(tex/research_objectives_chp/research_objectives_chp.aux)
(tex/woz_chp/woz_chp.aux) (tex/conclusion_chp/conclusion_chp.aux)
(tex/appendices/appendices_chp.aux))
Package atveryend Info: Executing hook `AtVeryEndDocument' on input line 242.
Package atveryend Info: Executing hook `AtEndAfterFileList' on input line 242.
Package rerunfilecheck Info: File `ut-thesis.out' has not changed.
(rerunfilecheck)             Checksum: B912D649CF5995C36AA918A7AA43999C;5488.
Package atveryend Info: Empty hook `AtVeryVeryEnd' on input line 242.
 ) 
Here is how much of TeX's memory you used:
 8494 strings out of 493673
 133246 string characters out of 3141531
 245230 words of memory out of 3000000
 11202 multiletter control sequences out of 15000+200000
 8849 words of font info for 32 fonts, out of 3000000 for 9000
 1025 hyphenation exceptions out of 8191
 42i,10n,49p,2854b,504s stack positions out of 5000i,500n,10000p,200000b,50000s
<C:/Program Files (x86)/MiKTeX 2.9/fonts/type1/public/amsfonts/cm/cmbx10.pfb>
<C:/Program Files (x86)/MiKTeX 2.9/fonts/type1/public/amsfonts/cm/cmbx12.pfb><C
:/Program Files (x86)/MiKTeX 2.9/fonts/type1/public/amsfonts/cm/cmcsc10.pfb><C:
/Program Files (x86)/MiKTeX 2.9/fonts/type1/public/amsfonts/cm/cmr10.pfb><C:/Pr
ogram Files (x86)/MiKTeX 2.9/fonts/type1/public/amsfonts/cm/cmr12.pfb><C:/Progr
am Files (x86)/MiKTeX 2.9/fonts/type1/public/amsfonts/cm/cmr7.pfb><C:/Program F
iles (x86)/MiKTeX 2.9/fonts/type1/public/amsfonts/cm/cmr9.pfb><C:/Program Files
 (x86)/MiKTeX 2.9/fonts/type1/public/amsfonts/cm/cmsy10.pfb><C:/Program Files (
x86)/MiKTeX 2.9/fonts/type1/public/amsfonts/cm/cmti10.pfb><C:/Program Files (x8
6)/MiKTeX 2.9/fonts/type1/public/amsfonts/cm/cmtt10.pfb>
Output written on ut-thesis.pdf (90 pages, 1415043 bytes).
PDF statistics:
 1620 PDF objects out of 1728 (max. 8388607)
 414 named destinations out of 1000 (max. 500000)
 647 words of extra memory for PDF output out of 10000 (max. 10000000)

