This is pdfTeX, Version 3.14159265-2.6-1.40.16 (MiKTeX 2.9) (preloaded format=pdflatex 2015.9.2)  11 SEP 2015 15:05
entering extended mode
**ut-thesis_diff.tex
(ut-thesis_diff.tex
LaTeX2e <2015/01/01> patch level 2
Babel <3.9m> and hyphenation patterns for 69 languages loaded.
(ut-thesis.cls
Document Class: ut-thesis 2012/06/01 v2.0 graduate theses at the University of 
Toronto
\@thesisfootnotesep=\skip41
\@thesismarginparpush=\skip42
("C:\Program Files (x86)\MiKTeX 2.9\tex\latex\base\report.cls"
Document Class: report 2014/09/29 v1.4h Standard LaTeX document class
("C:\Program Files (x86)\MiKTeX 2.9\tex\latex\base\size10.clo"
File: size10.clo 2014/09/29 v1.4h Standard LaTeX file (size option)
)
\c@part=\count79
\c@chapter=\count80
\c@section=\count81
\c@subsection=\count82
\c@subsubsection=\count83
\c@paragraph=\count84
\c@subparagraph=\count85
\c@figure=\count86
\c@table=\count87
\abovecaptionskip=\skip43
\belowcaptionskip=\skip44
\bibindent=\dimen102
)
("C:\Program Files (x86)\MiKTeX 2.9\tex\latex\tools\calc.sty"
Package: calc 2014/10/28 v4.3 Infix arithmetic (KKT,FJ)
\calc@Acount=\count88
\calc@Bcount=\count89
\calc@Adimen=\dimen103
\calc@Bdimen=\dimen104
\calc@Askip=\skip45
\calc@Bskip=\skip46
LaTeX Info: Redefining \setlength on input line 80.
LaTeX Info: Redefining \addtolength on input line 81.
\calc@Ccount=\count90
\calc@Cskip=\skip47
)
("C:\Program Files (x86)\MiKTeX 2.9\tex\latex\geometry\geometry.sty"
Package: geometry 2010/09/12 v5.6 Page Geometry

("C:\Program Files (x86)\MiKTeX 2.9\tex\latex\graphics\keyval.sty"
Package: keyval 2014/10/28 v1.15 key=value parser (DPC)
\KV@toks@=\toks14
)
("C:\Program Files (x86)\MiKTeX 2.9\tex\generic\oberdiek\ifpdf.sty"
Package: ifpdf 2011/01/30 v2.3 Provides the ifpdf switch (HO)
Package ifpdf Info: pdfTeX in PDF mode is detected.
)
("C:\Program Files (x86)\MiKTeX 2.9\tex\generic\oberdiek\ifvtex.sty"
Package: ifvtex 2010/03/01 v1.5 Detect VTeX and its facilities (HO)
Package ifvtex Info: VTeX not detected.
)
("C:\Program Files (x86)\MiKTeX 2.9\tex\generic\ifxetex\ifxetex.sty"
Package: ifxetex 2010/09/12 v0.6 Provides ifxetex conditional
)
\Gm@cnth=\count91
\Gm@cntv=\count92
\c@Gm@tempcnt=\count93
\Gm@bindingoffset=\dimen105
\Gm@wd@mp=\dimen106
\Gm@odd@mp=\dimen107
\Gm@even@mp=\dimen108
\Gm@layoutwidth=\dimen109
\Gm@layoutheight=\dimen110
\Gm@layouthoffset=\dimen111
\Gm@layoutvoffset=\dimen112
\Gm@dimlist=\toks15

("C:\Program Files (x86)\MiKTeX 2.9\tex\latex\geometry\geometry.cfg"))
("C:\Program Files (x86)\MiKTeX 2.9\tex\latex\setspace\setspace.sty"
Package: setspace 2011/12/19 v6.7a set line spacing
))
("C:\Program Files (x86)\MiKTeX 2.9\tex\latex\amsmath\amsmath.sty"
Package: amsmath 2013/01/14 v2.14 AMS math features
\@mathmargin=\skip48

For additional information on amsmath, use the `?' option.
("C:\Program Files (x86)\MiKTeX 2.9\tex\latex\amsmath\amstext.sty"
Package: amstext 2000/06/29 v2.01

("C:\Program Files (x86)\MiKTeX 2.9\tex\latex\amsmath\amsgen.sty"
File: amsgen.sty 1999/11/30 v2.0
\@emptytoks=\toks16
\ex@=\dimen113
))
("C:\Program Files (x86)\MiKTeX 2.9\tex\latex\amsmath\amsbsy.sty"
Package: amsbsy 1999/11/29 v1.2d
\pmbraise@=\dimen114
)
("C:\Program Files (x86)\MiKTeX 2.9\tex\latex\amsmath\amsopn.sty"
Package: amsopn 1999/12/14 v2.01 operator names
)
\inf@bad=\count94
LaTeX Info: Redefining \frac on input line 210.
\uproot@=\count95
\leftroot@=\count96
LaTeX Info: Redefining \overline on input line 306.
\classnum@=\count97
\DOTSCASE@=\count98
LaTeX Info: Redefining \ldots on input line 378.
LaTeX Info: Redefining \dots on input line 381.
LaTeX Info: Redefining \cdots on input line 466.
\Mathstrutbox@=\box26
\strutbox@=\box27
\big@size=\dimen115
LaTeX Font Info:    Redeclaring font encoding OML on input line 566.
LaTeX Font Info:    Redeclaring font encoding OMS on input line 567.
\macc@depth=\count99
\c@MaxMatrixCols=\count100
\dotsspace@=\muskip10
\c@parentequation=\count101
\dspbrk@lvl=\count102
\tag@help=\toks17
\row@=\count103
\column@=\count104
\maxfields@=\count105
\andhelp@=\toks18
\eqnshift@=\dimen116
\alignsep@=\dimen117
\tagshift@=\dimen118
\tagwidth@=\dimen119
\totwidth@=\dimen120
\lineht@=\dimen121
\@envbody=\toks19
\multlinegap=\skip49
\multlinetaggap=\skip50
\mathdisplay@stack=\toks20
LaTeX Info: Redefining \[ on input line 2665.
LaTeX Info: Redefining \] on input line 2666.
)
("C:\Program Files (x86)\MiKTeX 2.9\tex\latex\graphics\graphicx.sty"
Package: graphicx 2014/10/28 v1.0g Enhanced LaTeX Graphics (DPC,SPQR)

("C:\Program Files (x86)\MiKTeX 2.9\tex\latex\graphics\graphics.sty"
Package: graphics 2014/10/28 v1.0p Standard LaTeX Graphics (DPC,SPQR)

("C:\Program Files (x86)\MiKTeX 2.9\tex\latex\graphics\trig.sty"
Package: trig 1999/03/16 v1.09 sin cos tan (DPC)
)
("C:\Program Files (x86)\MiKTeX 2.9\tex\latex\00miktex\graphics.cfg"
File: graphics.cfg 2007/01/18 v1.5 graphics configuration of teTeX/TeXLive
)
Package graphics Info: Driver file: pdftex.def on input line 94.

("C:\Program Files (x86)\MiKTeX 2.9\tex\latex\pdftex-def\pdftex.def"
File: pdftex.def 2011/05/27 v0.06d Graphics/color for pdfTeX

("C:\Program Files (x86)\MiKTeX 2.9\tex\generic\oberdiek\infwarerr.sty"
Package: infwarerr 2010/04/08 v1.3 Providing info/warning/error messages (HO)
)
("C:\Program Files (x86)\MiKTeX 2.9\tex\generic\oberdiek\ltxcmds.sty"
Package: ltxcmds 2011/11/09 v1.22 LaTeX kernel commands for general use (HO)
)
\Gread@gobject=\count106
))
\Gin@req@height=\dimen122
\Gin@req@width=\dimen123
)
("C:\Program Files (x86)\MiKTeX 2.9\tex\latex\caption\caption.sty"
Package: caption 2013/05/02 v3.3-89 Customizing captions (AR)

("C:\Program Files (x86)\MiKTeX 2.9\tex\latex\caption\caption3.sty"
Package: caption3 2013/05/02 v1.6-88 caption3 kernel (AR)
Package caption3 Info: TeX engine: e-TeX on input line 57.
\captionmargin=\dimen124
\captionmargin@=\dimen125
\captionwidth=\dimen126
\caption@tempdima=\dimen127
\caption@indent=\dimen128
\caption@parindent=\dimen129
\caption@hangindent=\dimen130
)
\c@ContinuedFloat=\count107
)
("C:\Program Files (x86)\MiKTeX 2.9\tex\latex\caption\subcaption.sty"
Package: subcaption 2013/02/03 v1.1-62 Sub-captions (AR)
\c@subfigure=\count108
\c@subtable=\count109
)
("C:\Program Files (x86)\MiKTeX 2.9\tex\latex\float\float.sty"
Package: float 2001/11/08 v1.3d Float enhancements (AL)
\c@float@type=\count110
\float@exts=\toks21
\float@box=\box28
\@float@everytoks=\toks22
\@floatcapt=\box29
)
("C:\Program Files (x86)\MiKTeX 2.9\tex\latex\oberdiek\epstopdf.sty"
Package: epstopdf 2010/02/09 v2.5 Conversion with epstopdf on the fly (HO)

("C:\Program Files (x86)\MiKTeX 2.9\tex\latex\oberdiek\epstopdf-base.sty"
Package: epstopdf-base 2010/02/09 v2.5 Base part for package epstopdf

("C:\Program Files (x86)\MiKTeX 2.9\tex\latex\oberdiek\grfext.sty"
Package: grfext 2010/08/19 v1.1 Manage graphics extensions (HO)

("C:\Program Files (x86)\MiKTeX 2.9\tex\generic\oberdiek\kvdefinekeys.sty"
Package: kvdefinekeys 2011/04/07 v1.3 Define keys (HO)
))
("C:\Program Files (x86)\MiKTeX 2.9\tex\latex\oberdiek\kvoptions.sty"
Package: kvoptions 2011/06/30 v3.11 Key value format for package options (HO)

("C:\Program Files (x86)\MiKTeX 2.9\tex\generic\oberdiek\kvsetkeys.sty"
Package: kvsetkeys 2012/04/25 v1.16 Key value parser (HO)

("C:\Program Files (x86)\MiKTeX 2.9\tex\generic\oberdiek\etexcmds.sty"
Package: etexcmds 2011/02/16 v1.5 Avoid name clashes with e-TeX commands (HO)

("C:\Program Files (x86)\MiKTeX 2.9\tex\generic\oberdiek\ifluatex.sty"
Package: ifluatex 2010/03/01 v1.3 Provides the ifluatex switch (HO)
Package ifluatex Info: LuaTeX not detected.
)
Package etexcmds Info: Could not find \expanded.
(etexcmds)             That can mean that you are not using pdfTeX 1.50 or
(etexcmds)             that some package has redefined \expanded.
(etexcmds)             In the latter case, load this package earlier.
)))
("C:\Program Files (x86)\MiKTeX 2.9\tex\generic\oberdiek\pdftexcmds.sty"
Package: pdftexcmds 2011/11/29 v0.20 Utility functions of pdfTeX for LuaTeX (HO
)
Package pdftexcmds Info: LuaTeX not detected.
Package pdftexcmds Info: \pdf@primitive is available.
Package pdftexcmds Info: \pdf@ifprimitive is available.
Package pdftexcmds Info: \pdfdraftmode found.
)
Package grfext Info: Graphics extension search list:
(grfext)             [.png,.pdf,.jpg,.mps,.jpeg,.jbig2,.jb2,.PNG,.PDF,.JPG,.JPE
G,.JBIG2,.JB2,.eps]
(grfext)             \AppendGraphicsExtensions on input line 452.
))
("C:\Program Files (x86)\MiKTeX 2.9\tex\latex\hyperref\hyperref.sty"
Package: hyperref 2012/11/06 v6.83m Hypertext links for LaTeX

("C:\Program Files (x86)\MiKTeX 2.9\tex\generic\oberdiek\hobsub-hyperref.sty"
Package: hobsub-hyperref 2012/04/25 v1.12 Bundle oberdiek, subset hyperref (HO)


("C:\Program Files (x86)\MiKTeX 2.9\tex\generic\oberdiek\hobsub-generic.sty"
Package: hobsub-generic 2012/04/25 v1.12 Bundle oberdiek, subset generic (HO)
Package: hobsub 2012/04/25 v1.12 Construct package bundles (HO)
Package hobsub Info: Skipping package `infwarerr' (already loaded).
Package hobsub Info: Skipping package `ltxcmds' (already loaded).
Package hobsub Info: Skipping package `ifluatex' (already loaded).
Package hobsub Info: Skipping package `ifvtex' (already loaded).
Package: intcalc 2007/09/27 v1.1 Expandable calculations with integers (HO)
Package hobsub Info: Skipping package `ifpdf' (already loaded).
Package hobsub Info: Skipping package `etexcmds' (already loaded).
Package hobsub Info: Skipping package `kvsetkeys' (already loaded).
Package hobsub Info: Skipping package `kvdefinekeys' (already loaded).
Package hobsub Info: Skipping package `pdftexcmds' (already loaded).
Package: pdfescape 2011/11/25 v1.13 Implements pdfTeX's escape features (HO)
Package: bigintcalc 2012/04/08 v1.3 Expandable calculations on big integers (HO
)
Package: bitset 2011/01/30 v1.1 Handle bit-vector datatype (HO)
Package: uniquecounter 2011/01/30 v1.2 Provide unlimited unique counter (HO)
)
Package hobsub Info: Skipping package `hobsub' (already loaded).
Package: letltxmacro 2010/09/02 v1.4 Let assignment for LaTeX macros (HO)
Package: hopatch 2011/06/24 v1.1 Wrapper for package hooks (HO)
Package: xcolor-patch 2011/01/30 xcolor patch
Package: atveryend 2011/06/30 v1.8 Hooks at the very end of document (HO)
Package atveryend Info: \enddocument detected (standard20110627).
Package: atbegshi 2011/10/05 v1.16 At begin shipout hook (HO)
Package: refcount 2011/10/16 v3.4 Data extraction from label references (HO)
Package: hycolor 2011/01/30 v1.7 Color options for hyperref/bookmark (HO)
)
("C:\Program Files (x86)\MiKTeX 2.9\tex\latex\oberdiek\auxhook.sty"
Package: auxhook 2011/03/04 v1.3 Hooks for auxiliary files (HO)
)
\@linkdim=\dimen131
\Hy@linkcounter=\count111
\Hy@pagecounter=\count112

("C:\Program Files (x86)\MiKTeX 2.9\tex\latex\hyperref\pd1enc.def"
File: pd1enc.def 2012/11/06 v6.83m Hyperref: PDFDocEncoding definition (HO)
)
\Hy@SavedSpaceFactor=\count113

("C:\Program Files (x86)\MiKTeX 2.9\tex\latex\00miktex\hyperref.cfg"
File: hyperref.cfg 2002/06/06 v1.2 hyperref configuration of TeXLive
)
Package hyperref Info: Hyper figures OFF on input line 4443.
Package hyperref Info: Link nesting OFF on input line 4448.
Package hyperref Info: Hyper index ON on input line 4451.
Package hyperref Info: Plain pages OFF on input line 4458.
Package hyperref Info: Backreferencing OFF on input line 4463.
Package hyperref Info: Implicit mode ON; LaTeX internals redefined.
Package hyperref Info: Bookmarks ON on input line 4688.
\c@Hy@tempcnt=\count114

("C:\Program Files (x86)\MiKTeX 2.9\tex\latex\url\url.sty"
\Urlmuskip=\muskip11
Package: url 2013/09/16  ver 3.4  Verb mode for urls, etc.
)
LaTeX Info: Redefining \url on input line 5041.
\XeTeXLinkMargin=\dimen132
\Fld@menulength=\count115
\Field@Width=\dimen133
\Fld@charsize=\dimen134
Package hyperref Info: Hyper figures OFF on input line 6295.
Package hyperref Info: Link nesting OFF on input line 6300.
Package hyperref Info: Hyper index ON on input line 6303.
Package hyperref Info: backreferencing OFF on input line 6310.
Package hyperref Info: Link coloring OFF on input line 6315.
Package hyperref Info: Link coloring with OCG OFF on input line 6320.
Package hyperref Info: PDF/A mode OFF on input line 6325.
LaTeX Info: Redefining \ref on input line 6365.
LaTeX Info: Redefining \pageref on input line 6369.
\Hy@abspage=\count116
\c@Item=\count117
\c@Hfootnote=\count118
)

Package hyperref Message: Driver (autodetected): hpdftex.

("C:\Program Files (x86)\MiKTeX 2.9\tex\latex\hyperref\hpdftex.def"
File: hpdftex.def 2012/11/06 v6.83m Hyperref driver for pdfTeX
\Fld@listcount=\count119
\c@bookmark@seq@number=\count120

("C:\Program Files (x86)\MiKTeX 2.9\tex\latex\oberdiek\rerunfilecheck.sty"
Package: rerunfilecheck 2011/04/15 v1.7 Rerun checks for auxiliary files (HO)
Package uniquecounter Info: New unique counter `rerunfilecheck' on input line 2
82.
)
\Hy@SectionHShift=\skip51
)
("C:\Program Files (x86)\MiKTeX 2.9\tex\latex\multirow\multirow.sty"
\bigstrutjot=\dimen135
)
("C:\Program Files (x86)\MiKTeX 2.9\tex\latex\ulem\ulem.sty"
\UL@box=\box30
\UL@hyphenbox=\box31
\UL@skip=\skip52
\UL@hook=\toks23
\UL@height=\dimen136
\UL@pe=\count121
\UL@pixel=\dimen137
\ULC@box=\box32
Package: ulem 2012/05/18
\ULdepth=\dimen138
)
("C:\Program Files (x86)\MiKTeX 2.9\tex\latex\graphics\color.sty"
Package: color 2014/10/28 v1.1a Standard LaTeX Color (DPC)

("C:\Program Files (x86)\MiKTeX 2.9\tex\latex\00miktex\color.cfg"
File: color.cfg 2007/01/18 v1.5 color configuration of teTeX/TeXLive
)
Package color Info: Driver file: pdftex.def on input line 142.
)
(ut-thesis_diff.aux)
LaTeX Font Info:    Checking defaults for OML/cmm/m/it on input line 154.
LaTeX Font Info:    ... okay on input line 154.
LaTeX Font Info:    Checking defaults for T1/cmr/m/n on input line 154.
LaTeX Font Info:    ... okay on input line 154.
LaTeX Font Info:    Checking defaults for OT1/cmr/m/n on input line 154.
LaTeX Font Info:    ... okay on input line 154.
LaTeX Font Info:    Checking defaults for OMS/cmsy/m/n on input line 154.
LaTeX Font Info:    ... okay on input line 154.
LaTeX Font Info:    Checking defaults for OMX/cmex/m/n on input line 154.
LaTeX Font Info:    ... okay on input line 154.
LaTeX Font Info:    Checking defaults for U/cmr/m/n on input line 154.
LaTeX Font Info:    ... okay on input line 154.
LaTeX Font Info:    Checking defaults for PD1/pdf/m/n on input line 154.
LaTeX Font Info:    ... okay on input line 154.

*geometry* driver: auto-detecting
*geometry* detected driver: pdftex
*geometry* verbose mode - [ preamble ] result:
* driver: pdftex
* paper: <default>
* layout: <same size as paper>
* layoutoffset:(h,v)=(0.0pt,0.0pt)
* modes: 
* h-part:(L,W,R)=(90.3375pt, 451.68752pt, 72.26999pt)
* v-part:(T,H,B)=(72.26999pt, 650.43001pt, 72.26999pt)
* \paperwidth=614.295pt
* \paperheight=794.96999pt
* \textwidth=451.68752pt
* \textheight=650.43001pt
* \oddsidemargin=18.0675pt
* \evensidemargin=18.0675pt
* \topmargin=-36.135pt
* \headheight=12.0pt
* \headsep=24.135pt
* \topskip=10.0pt
* \footskip=36.135pt
* \marginparwidth=54.2025pt
* \marginparsep=9.03374pt
* \columnsep=10.0pt
* \skip\footins=9.0pt plus 4.0pt minus 2.0pt
* \hoffset=0.0pt
* \voffset=0.0pt
* \mag=1000
* \@twocolumnfalse
* \@twosidefalse
* \@mparswitchfalse
* \@reversemarginfalse
* (1in=72.27pt=25.4mm, 1cm=28.453pt)

("C:\Program Files (x86)\MiKTeX 2.9\tex\context\base\supp-pdf.mkii"
[Loading MPS to PDF converter (version 2006.09.02).]
\scratchcounter=\count122
\scratchdimen=\dimen139
\scratchbox=\box33
\nofMPsegments=\count123
\nofMParguments=\count124
\everyMPshowfont=\toks24
\MPscratchCnt=\count125
\MPscratchDim=\dimen140
\MPnumerator=\count126
\makeMPintoPDFobject=\count127
\everyMPtoPDFconversion=\toks25
)
Package caption Info: Begin \AtBeginDocument code.
Package caption Info: float package is loaded.
Package caption Info: hyperref package is loaded.
Package caption Info: End \AtBeginDocument code.
\AtBeginShipoutBox=\box34
Package hyperref Info: Link coloring OFF on input line 154.
 ("C:\Program Files (x86)\MiKTeX 2.9\tex\latex\hyperref\nameref.sty"
Package: nameref 2012/10/27 v2.43 Cross-referencing by name of section

("C:\Program Files (x86)\MiKTeX 2.9\tex\generic\oberdiek\gettitlestring.sty"
Package: gettitlestring 2010/12/03 v1.4 Cleanup title references (HO)
)
\c@section@level=\count128
)
LaTeX Info: Redefining \ref on input line 154.
LaTeX Info: Redefining \pageref on input line 154.
LaTeX Info: Redefining \nameref on input line 154.

(ut-thesis_diff.out) (ut-thesis_diff.out)
\@outlinefile=\write3
LaTeX Font Info:    Try loading font information for OMS+cmr on input line 161.


("C:\Program Files (x86)\MiKTeX 2.9\tex\latex\base\omscmr.fd"
File: omscmr.fd 2014/09/29 v2.5h Standard LaTeX font definitions
)
LaTeX Font Info:    Font shape `OMS/cmr/m/n' in size <12> not available
(Font)              Font shape `OMS/cmsy/m/n' tried instead on input line 161.
 [1

{C:/Users/David/AppData/Local/MiKTeX/2.9/pdftex/config/pdftex.map}] [2] [3]
(ut-thesis_diff.lof)
\tf@lof=\write4
 [4

] [5] (ut-thesis_diff.lot)
\tf@lot=\write5
 [6

] (ut-thesis_diff.toc
[7

] [8])
\tf@toc=\write6
 [9]
Chapter 1.
[1


] [2] [3]
Chapter 2.

Overfull \hbox (0.90555pt too wide) in paragraph at lines 304--304
[]\OT1/cmr/bx/n/12 Applied Be-haviour Anal-y-sis and Dis-crete Trial Train-ing 
for Skill Teach-
 []

[4

] [5] [6]
Underfull \vbox (badness 4193) has occurred while \output is active []

 [7]
[8] [9]
Underfull \vbox (badness 4193) has occurred while \output is active []

 [10]
[11] [12] [13]
Missing character: There is no ‚ in font cmr10!
Missing character: There is no Ä in font cmr10!
Missing character: There is no ì in font cmr10!
Missing character: There is no Ô in font cmr10!
Missing character: There is no ¨ in font cmr10!
Missing character: There is no Å in font cmr10!
 [14]
LaTeX Font Info:    Font shape `OMS/cmr/m/n' in size <10> not available
(Font)              Font shape `OMS/cmsy/m/n' tried instead on input line 468.

<./img/ravindra2009therapeutic.png, id=833, 204.765pt x 163.73672pt>
File: ./img/ravindra2009therapeutic.png Graphic file (type png)

<use ./img/ravindra2009therapeutic.png>
Package pdftex.def Info: ./img/ravindra2009therapeutic.png used on input line 4
73.
(pdftex.def)             Requested size: 271.01526pt x 216.72775pt.


LaTeX Warning: `h' float specifier changed to `ht'.

[15]

LaTeX Warning: Reference `DTTDiscussion' on page 16 undefined on input line 485
.

[16 <./img/ravindra2009therapeutic.png>]
<./img/murphy2009head.png, id=858, 351.56343pt x 442.65375pt>
File: ./img/murphy2009head.png Graphic file (type png)

<use ./img/murphy2009head.png>
Package pdftex.def Info: ./img/murphy2009head.png used on input line 494.
(pdftex.def)             Requested size: 271.01526pt x 341.22942pt.

Underfull \vbox (badness 5548) has occurred while \output is active []

 [17 <./img/murphy2009head.png>] [18] [19]
Underfull \vbox (badness 1052) has occurred while \output is active []

 [20]
[21]
Chapter 3.
<./img/nao_t14_schema.png, id=938, 489.83pt x 347.2975pt>
File: ./img/nao_t14_schema.png Graphic file (type png)

<use ./img/nao_t14_schema.png>
Package pdftex.def Info: ./img/nao_t14_schema.png used on input line 590.
(pdftex.def)             Requested size: 271.01526pt x 192.15886pt.

Underfull \vbox (badness 1917) has occurred while \output is active []

 [22

 <./img/nao_t14_schema.png>] [23]
Chapter 4.
[24

] [25] [26]pdfTeX warning (ext4): destination with the same identifier (name{se
ction.4.2}) has been already used, duplicate ignored
<to be read again> 
                   \relax 
l.797 \DIFaddend \section{Recruitment}
                                      
Missing character: There is no ‚ in font cmr10!
Missing character: There is no Ä in font cmr10!
Missing character: There is no ì in font cmr10!
 [27]
<./img/nao-torso.jpg, id=1004, 426.09187pt x 454.69875pt>
File: ./img/nao-torso.jpg Graphic file (type jpg)

<use ./img/nao-torso.jpg>
Package pdftex.def Info: ./img/nao-torso.jpg used on input line 836.
(pdftex.def)             Requested size: 271.01526pt x 289.2231pt.


LaTeX Warning: `h' float specifier changed to `ht'.

<./img/exp_setup.jpg, id=1006, 177.39pt x 317.0025pt>
File: ./img/exp_setup.jpg Graphic file (type jpg)

<use ./img/exp_setup.jpg>
Package pdftex.def Info: ./img/exp_setup.jpg used on input line 852.
(pdftex.def)             Requested size: 238.82736pt x 426.79134pt.


LaTeX Warning: `h' float specifier changed to `ht'.

[28]
Missing character: There is no ‚ in font cmr10!
Missing character: There is no Ä in font cmr10!
Missing character: There is no ô in font cmr10!
 [29 <./img/nao-torso.jpg>]
Underfull \vbox (badness 10000) has occurred while \output is active []

 [30 <./img/exp_setup.jpg>] [31]
Missing character: There is no ‚ in font cmr10!
Missing character: There is no ‚ in font cmr10!
Missing character: There is no ‚ in font cmr10!
Missing character: There is no ‚ in font cmr10!
Missing character: There is no ‚ in font cmr10!
 <./img/overhead_view.jpg, id=1031, 240.9pt x 180.675pt>
File: ./img/overhead_view.jpg Graphic file (type jpg)

<use ./img/overhead_view.jpg>
Package pdftex.def Info: ./img/overhead_view.jpg used on input line 915.
(pdftex.def)             Requested size: 243.46364pt x 182.60435pt.

Overfull \hbox (22.13428pt too wide) in paragraph at lines 915--916
[][] 
 []

<./img/scene_view.jpg, id=1032, 226.665pt x 127.458pt>
File: ./img/scene_view.jpg Graphic file (type jpg)

<use ./img/scene_view.jpg>
Package pdftex.def Info: ./img/scene_view.jpg used on input line 922.
(pdftex.def)             Requested size: 243.46364pt x 136.90767pt.

Overfull \hbox (22.13428pt too wide) in paragraph at lines 922--923
[][] 
 []

<./img/kinect_view.jpg, id=1033, 722.7pt x 406.51875pt>
File: ./img/kinect_view.jpg Graphic file (type jpg)

<use ./img/kinect_view.jpg>
Package pdftex.def Info: ./img/kinect_view.jpg used on input line 929.
(pdftex.def)             Requested size: 243.46364pt x 136.94913pt.

Overfull \hbox (22.13428pt too wide) in paragraph at lines 929--930
[][] 
 []

[32]
Underfull \vbox (badness 10000) has occurred while \output is active []

 [33 <./img/overhead_view.jpg> <./img/scene_view.jpg> <./img/kinect_view.jpg>]
Missing character: There is no ‚ in font cmr10!
Missing character: There is no Ä in font cmr10!
Missing character: There is no ú in font cmr10!
Missing character: There is no ‚ in font cmr10!
Missing character: There is no Ä in font cmr10!
Missing character: There is no ù in font cmr10!
Missing character: There is no ‚ in font cmr10!
Missing character: There is no Ä in font cmr10!
Missing character: There is no ú in font cmr10!
Missing character: There is no ‚ in font cmr10!
Missing character: There is no Ä in font cmr10!
Missing character: There is no ù in font cmr10!
 [34]
Missing character: There is no ‚ in font cmr10!
Missing character: There is no Ä in font cmr10!
Missing character: There is no ú in font cmr10!
Missing character: There is no ‚ in font cmr10!
Missing character: There is no Ä in font cmr10!
Missing character: There is no ù in font cmr10!
Missing character: There is no ‚ in font cmr10!
Missing character: There is no Ä in font cmr10!
Missing character: There is no ú in font cmr10!
Missing character: There is no ‚ in font cmr10!
Missing character: There is no Ä in font cmr10!
Missing character: There is no ù in font cmr10!
Missing character: There is no ‚ in font cmr10!
Missing character: There is no ‚ in font cmr10!
Missing character: There is no ‚ in font cmr10!

Underfull \hbox (badness 5231) in paragraph at lines 986--986
[]\OT1/cmr/m/n/10 Hi, [[]|   [][][]|   [][]s name]!
 []


Underfull \hbox (badness 10000) in paragraph at lines 986--986
[]|   [][][]|   [][]\OT1/cmr/m/n/10 s start wash-ing
 []

Missing character: There is no ‚ in font cmr10!
Missing character: There is no ‚ in font cmr10!

Underfull \hbox (badness 7221) in paragraph at lines 990--990
[]\OT1/cmr/m/n/10 Good job, [[]|   [][][]|   [][]s
 []


Overfull \hbox (20.5159pt too wide) in paragraph at lines 970--992
 [][] 
 []


LaTeX Warning: `h' float specifier changed to `ht'.

Missing character: There is no ‚ in font cmr10!
Missing character: There is no Ä in font cmr10!
Missing character: There is no ú in font cmr10!
Missing character: There is no ‚ in font cmr10!
Missing character: There is no Ä in font cmr10!
Missing character: There is no ù in font cmr10!
Missing character: There is no ‚ in font cmr10!
Missing character: There is no Ä in font cmr10!
Missing character: There is no ú in font cmr10!
Missing character: There is no ‚ in font cmr10!
Missing character: There is no Ä in font cmr10!
Missing character: There is no ù in font cmr10!
Missing character: There is no ‚ in font cmr10!
Missing character: There is no Ä in font cmr10!
Missing character: There is no ú in font cmr10!
Missing character: There is no ‚ in font cmr10!
Missing character: There is no Ä in font cmr10!
Missing character: There is no ù in font cmr10!
Missing character: There is no ‚ in font cmr10!
Missing character: There is no Ä in font cmr10!
Missing character: There is no ú in font cmr10!
Missing character: There is no ‚ in font cmr10!
Missing character: There is no Ä in font cmr10!
Missing character: There is no ù in font cmr10!

Overfull \hbox (6.93198pt too wide) in paragraph at lines 998--998
[][]|   []   |   [][][]|   []   |   []   |   []   |   []   |   []   |   []   | 
  []
 []

[35] [36] [37] [38]

LaTeX Warning: `h' float specifier changed to `ht'.


Underfull \vbox (badness 2393) has occurred while \output is active []

 [39]
[40] [41]
Overfull \hbox (30.9957pt too wide) in paragraph at lines 1266--1290
 [][] 
 []


Underfull \vbox (badness 10000) has occurred while \output is active []

 [42]
[43]

LaTeX Warning: Reference `fig:TotalNumberOfCompleteSteps' on page 44 undefined 
on input line 1311.

Package epstopdf Info: Source file: <./img/data_analysis/110NumberofCompleteSte
ps-WithoutPorR.eps>
(epstopdf)                    date: 2015-08-17 00:25:32
(epstopdf)                    size: 29567 bytes
(epstopdf)             Output file: <./img/data_analysis/110NumberofCompleteSte
ps-WithoutPorR-eps-converted-to.pdf>
(epstopdf)                    date: 2015-08-17 00:25:32
(epstopdf)                    size: 24233 bytes
(epstopdf)             Command: <epstopdf --outfile=./img/data_analysis/110Numb
erofCompleteSteps-WithoutPorR-eps-converted-to.pdf ./img/data_analysis/110Numbe
rofCompleteSteps-WithoutPorR.eps>
(epstopdf)             \includegraphics on input line 1319.
Package epstopdf Info: Output file is already uptodate.

<./img/data_analysis/110NumberofCompleteSteps-WithoutPorR-eps-converted-to.pdf,
 id=1126, 578.16pt x 433.62pt>
File: ./img/data_analysis/110NumberofCompleteSteps-WithoutPorR-eps-converted-to
.pdf Graphic file (type pdf)

<use ./img/data_analysis/110NumberofCompleteSteps-WithoutPorR-eps-converted-to.
pdf>
Package pdftex.def Info: ./img/data_analysis/110NumberofCompleteSteps-WithoutPo
rR-eps-converted-to.pdf used on input line 1319.
(pdftex.def)             Requested size: 243.46364pt x 182.59554pt.

Overfull \hbox (22.13428pt too wide) in paragraph at lines 1319--1320
[][] 
 []


Underfull \hbox (badness 1946) in paragraph at lines 1320--1320
[]\OT1/cmr/m/n/9 (a) |To-tal Num-ber of Com-plete Steps - With-out
 []

Package epstopdf Info: Source file: <./img/data_analysis/109NumberofCompleteSte
ps-WithR.eps>
(epstopdf)                    date: 2015-08-17 00:25:32
(epstopdf)                    size: 28908 bytes
(epstopdf)             Output file: <./img/data_analysis/109NumberofCompleteSte
ps-WithR-eps-converted-to.pdf>
(epstopdf)                    date: 2015-08-17 00:25:32
(epstopdf)                    size: 23807 bytes
(epstopdf)             Command: <epstopdf --outfile=./img/data_analysis/109Numb
erofCompleteSteps-WithR-eps-converted-to.pdf ./img/data_analysis/109NumberofCom
pleteSteps-WithR.eps>
(epstopdf)             \includegraphics on input line 1326.
Package epstopdf Info: Output file is already uptodate.

<./img/data_analysis/109NumberofCompleteSteps-WithR-eps-converted-to.pdf, id=11
27, 578.16pt x 433.62pt>
File: ./img/data_analysis/109NumberofCompleteSteps-WithR-eps-converted-to.pdf G
raphic file (type pdf)

<use ./img/data_analysis/109NumberofCompleteSteps-WithR-eps-converted-to.pdf>
Package pdftex.def Info: ./img/data_analysis/109NumberofCompleteSteps-WithR-eps
-converted-to.pdf used on input line 1326.
(pdftex.def)             Requested size: 243.46364pt x 182.59554pt.

Overfull \hbox (22.13428pt too wide) in paragraph at lines 1326--1327
[][] 
 []

<./img/data_analysis/blank.png, id=1128, 301.125pt x 225.84375pt>
File: ./img/data_analysis/blank.png Graphic file (type png)

<use ./img/data_analysis/blank.png>
Package pdftex.def Info: ./img/data_analysis/blank.png used on input line 1333.

(pdftex.def)             Requested size: 243.46364pt x 182.60504pt.

Overfull \hbox (22.13428pt too wide) in paragraph at lines 1333--1334
[][] 
 []

Package epstopdf Info: Source file: <./img/data_analysis/108NumberofCompleteSte
ps-WithPandR.eps>
(epstopdf)                    date: 2015-08-17 00:25:32
(epstopdf)                    size: 30434 bytes
(epstopdf)             Output file: <./img/data_analysis/108NumberofCompleteSte
ps-WithPandR-eps-converted-to.pdf>
(epstopdf)                    date: 2015-08-17 00:25:32
(epstopdf)                    size: 25007 bytes
(epstopdf)             Command: <epstopdf --outfile=./img/data_analysis/108Numb
erofCompleteSteps-WithPandR-eps-converted-to.pdf ./img/data_analysis/108Numbero
fCompleteSteps-WithPandR.eps>
(epstopdf)             \includegraphics on input line 1337.
Package epstopdf Info: Output file is already uptodate.

<./img/data_analysis/108NumberofCompleteSteps-WithPandR-eps-converted-to.pdf, i
d=1129, 578.16pt x 433.62pt>
File: ./img/data_analysis/108NumberofCompleteSteps-WithPandR-eps-converted-to.p
df Graphic file (type pdf)

<use ./img/data_analysis/108NumberofCompleteSteps-WithPandR-eps-converted-to.pd
f>
Package pdftex.def Info: ./img/data_analysis/108NumberofCompleteSteps-WithPandR
-eps-converted-to.pdf used on input line 1337.
(pdftex.def)             Requested size: 243.46364pt x 182.59554pt.

Overfull \hbox (22.13428pt too wide) in paragraph at lines 1337--1338
[][] 
 []


LaTeX Warning: `h' float specifier changed to `ht'.

Package epstopdf Info: Source file: <./img/data_analysis/25TotalNumberofParentP
rompts.eps>
(epstopdf)                    date: 2015-08-17 00:25:32
(epstopdf)                    size: 26839 bytes
(epstopdf)             Output file: <./img/data_analysis/25TotalNumberofParentP
rompts-eps-converted-to.pdf>
(epstopdf)                    date: 2015-08-17 00:25:32
(epstopdf)                    size: 22243 bytes
(epstopdf)             Command: <epstopdf --outfile=./img/data_analysis/25Total
NumberofParentPrompts-eps-converted-to.pdf ./img/data_analysis/25TotalNumberofP
arentPrompts.eps>
(epstopdf)             \includegraphics on input line 1350.
Package epstopdf Info: Output file is already uptodate.

<./img/data_analysis/25TotalNumberofParentPrompts-eps-converted-to.pdf, id=1133
, 578.16pt x 433.62pt>
File: ./img/data_analysis/25TotalNumberofParentPrompts-eps-converted-to.pdf Gra
phic file (type pdf)

<use ./img/data_analysis/25TotalNumberofParentPrompts-eps-converted-to.pdf>
Package pdftex.def Info: ./img/data_analysis/25TotalNumberofParentPrompts-eps-c
onverted-to.pdf used on input line 1350.
(pdftex.def)             Requested size: 243.46364pt x 182.59554pt.

Overfull \hbox (22.13428pt too wide) in paragraph at lines 1350--1351
[][] 
 []

Package epstopdf Info: Source file: <./img/data_analysis/26TotalNumberofParentP
rompts-Physical.eps>
(epstopdf)                    date: 2015-08-17 00:25:32
(epstopdf)                    size: 29609 bytes
(epstopdf)             Output file: <./img/data_analysis/26TotalNumberofParentP
rompts-Physical-eps-converted-to.pdf>
(epstopdf)                    date: 2015-08-17 00:25:32
(epstopdf)                    size: 24528 bytes
(epstopdf)             Command: <epstopdf --outfile=./img/data_analysis/26Total
NumberofParentPrompts-Physical-eps-converted-to.pdf ./img/data_analysis/26Total
NumberofParentPrompts-Physical.eps>
(epstopdf)             \includegraphics on input line 1356.
Package epstopdf Info: Output file is already uptodate.

<./img/data_analysis/26TotalNumberofParentPrompts-Physical-eps-converted-to.pdf
, id=1134, 578.16pt x 433.62pt>
File: ./img/data_analysis/26TotalNumberofParentPrompts-Physical-eps-converted-t
o.pdf Graphic file (type pdf)

<use ./img/data_analysis/26TotalNumberofParentPrompts-Physical-eps-converted-to
.pdf>
Package pdftex.def Info: ./img/data_analysis/26TotalNumberofParentPrompts-Physi
cal-eps-converted-to.pdf used on input line 1356.
(pdftex.def)             Requested size: 243.46364pt x 182.59554pt.

Overfull \hbox (22.13428pt too wide) in paragraph at lines 1356--1357
[][] 
 []

[44]

LaTeX Warning: `h' float specifier changed to `ht'.

[45 <./img/data_analysis/110NumberofCompleteSteps-WithoutPorR-eps-converted-to.
pdf> <./img/data_analysis/109NumberofCompleteSteps-WithR-eps-converted-to.pdf> 
<./img/data_analysis/blank.png> <./img/data_analysis/108NumberofCompleteSteps-W
ithPandR-eps-converted-to.pdf>]
Package epstopdf Info: Source file: <./img/data_analysis/102ComplianceRate-Over
all.eps>
(epstopdf)                    date: 2015-08-17 00:25:32
(epstopdf)                    size: 28328 bytes
(epstopdf)             Output file: <./img/data_analysis/102ComplianceRate-Over
all-eps-converted-to.pdf>
(epstopdf)                    date: 2015-08-17 00:25:32
(epstopdf)                    size: 24341 bytes
(epstopdf)             Command: <epstopdf --outfile=./img/data_analysis/102Comp
lianceRate-Overall-eps-converted-to.pdf ./img/data_analysis/102ComplianceRate-O
verall.eps>
(epstopdf)             \includegraphics on input line 1375.
Package epstopdf Info: Output file is already uptodate.

<./img/data_analysis/102ComplianceRate-Overall-eps-converted-to.pdf, id=1267, 5
78.16pt x 433.62pt>
File: ./img/data_analysis/102ComplianceRate-Overall-eps-converted-to.pdf Graphi
c file (type pdf)

<use ./img/data_analysis/102ComplianceRate-Overall-eps-converted-to.pdf>
Package pdftex.def Info: ./img/data_analysis/102ComplianceRate-Overall-eps-conv
erted-to.pdf used on input line 1375.
(pdftex.def)             Requested size: 243.46364pt x 182.59554pt.

Overfull \hbox (22.13428pt too wide) in paragraph at lines 1375--1376
[][] 
 []

Package epstopdf Info: Source file: <./img/data_analysis/79ComplianceRate-R1Pv0
g0.eps>
(epstopdf)                    date: 2015-08-17 00:25:33
(epstopdf)                    size: 28386 bytes
(epstopdf)             Output file: <./img/data_analysis/79ComplianceRate-R1Pv0
g0-eps-converted-to.pdf>
(epstopdf)                    date: 2015-08-17 00:25:33
(epstopdf)                    size: 22386 bytes
(epstopdf)             Command: <epstopdf --outfile=./img/data_analysis/79Compl
ianceRate-R1Pv0g0-eps-converted-to.pdf ./img/data_analysis/79ComplianceRate-R1P
v0g0.eps>
(epstopdf)             \includegraphics on input line 1381.
Package epstopdf Info: Output file is already uptodate.

<./img/data_analysis/79ComplianceRate-R1Pv0g0-eps-converted-to.pdf, id=1268, 57
8.16pt x 433.62pt>
File: ./img/data_analysis/79ComplianceRate-R1Pv0g0-eps-converted-to.pdf Graphic
 file (type pdf)

<use ./img/data_analysis/79ComplianceRate-R1Pv0g0-eps-converted-to.pdf>
Package pdftex.def Info: ./img/data_analysis/79ComplianceRate-R1Pv0g0-eps-conve
rted-to.pdf used on input line 1381.
(pdftex.def)             Requested size: 243.46364pt x 182.59554pt.

Overfull \hbox (22.13428pt too wide) in paragraph at lines 1381--1382
[][] 
 []

Package epstopdf Info: Source file: <./img/data_analysis/103HardComplianceRate-
Overall.eps>
(epstopdf)                    date: 2015-08-17 00:25:32
(epstopdf)                    size: 28989 bytes
(epstopdf)             Output file: <./img/data_analysis/103HardComplianceRate-
Overall-eps-converted-to.pdf>
(epstopdf)                    date: 2015-08-17 00:25:32
(epstopdf)                    size: 24040 bytes
(epstopdf)             Command: <epstopdf --outfile=./img/data_analysis/103Hard
ComplianceRate-Overall-eps-converted-to.pdf ./img/data_analysis/103HardComplian
ceRate-Overall.eps>
(epstopdf)             \includegraphics on input line 1388.
Package epstopdf Info: Output file is already uptodate.

<./img/data_analysis/103HardComplianceRate-Overall-eps-converted-to.pdf, id=126
9, 578.16pt x 433.62pt>
File: ./img/data_analysis/103HardComplianceRate-Overall-eps-converted-to.pdf Gr
aphic file (type pdf)

<use ./img/data_analysis/103HardComplianceRate-Overall-eps-converted-to.pdf>
Package pdftex.def Info: ./img/data_analysis/103HardComplianceRate-Overall-eps-
converted-to.pdf used on input line 1388.
(pdftex.def)             Requested size: 243.46364pt x 182.59554pt.

Overfull \hbox (22.13428pt too wide) in paragraph at lines 1388--1389
[][] 
 []

Package epstopdf Info: Source file: <./img/data_analysis/92HardComplianceRate-R
1Pv0g0.eps>
(epstopdf)                    date: 2015-08-17 00:25:33
(epstopdf)                    size: 28997 bytes
(epstopdf)             Output file: <./img/data_analysis/92HardComplianceRate-R
1Pv0g0-eps-converted-to.pdf>
(epstopdf)                    date: 2015-08-17 00:25:33
(epstopdf)                    size: 21818 bytes
(epstopdf)             Command: <epstopdf --outfile=./img/data_analysis/92HardC
omplianceRate-R1Pv0g0-eps-converted-to.pdf ./img/data_analysis/92HardCompliance
Rate-R1Pv0g0.eps>
(epstopdf)             \includegraphics on input line 1394.
Package epstopdf Info: Output file is already uptodate.

<./img/data_analysis/92HardComplianceRate-R1Pv0g0-eps-converted-to.pdf, id=1270
, 578.16pt x 433.62pt>
File: ./img/data_analysis/92HardComplianceRate-R1Pv0g0-eps-converted-to.pdf Gra
phic file (type pdf)

<use ./img/data_analysis/92HardComplianceRate-R1Pv0g0-eps-converted-to.pdf>
Package pdftex.def Info: ./img/data_analysis/92HardComplianceRate-R1Pv0g0-eps-c
onverted-to.pdf used on input line 1394.
(pdftex.def)             Requested size: 243.46364pt x 182.59554pt.

Overfull \hbox (22.13428pt too wide) in paragraph at lines 1394--1395
[][] 
 []


LaTeX Warning: `h' float specifier changed to `ht'.

Package epstopdf Info: Source file: <./img/data_analysis/99NotAffectedByPromptR
ate-Overall.eps>
(epstopdf)                    date: 2015-08-17 00:25:33
(epstopdf)                    size: 29910 bytes
(epstopdf)             Output file: <./img/data_analysis/99NotAffectedByPromptR
ate-Overall-eps-converted-to.pdf>
(epstopdf)                    date: 2015-08-17 00:25:33
(epstopdf)                    size: 25377 bytes
(epstopdf)             Command: <epstopdf --outfile=./img/data_analysis/99NotAf
fectedByPromptRate-Overall-eps-converted-to.pdf ./img/data_analysis/99NotAffect
edByPromptRate-Overall.eps>
(epstopdf)             \includegraphics on input line 1406.
Package epstopdf Info: Output file is already uptodate.

<./img/data_analysis/99NotAffectedByPromptRate-Overall-eps-converted-to.pdf, id
=1272, 578.16pt x 433.62pt>
File: ./img/data_analysis/99NotAffectedByPromptRate-Overall-eps-converted-to.pd
f Graphic file (type pdf)

<use ./img/data_analysis/99NotAffectedByPromptRate-Overall-eps-converted-to.pdf
>
Package pdftex.def Info: ./img/data_analysis/99NotAffectedByPromptRate-Overall-
eps-converted-to.pdf used on input line 1406.
(pdftex.def)             Requested size: 271.01526pt x 203.25887pt.
 [46 <./img/data_analysis/25TotalNumberofParentPrompts-eps-converted-to.pdf> <.
/img/data_analysis/26TotalNumberofParentPrompts-Physical-eps-converted-to.pdf>]


LaTeX Warning: `h' float specifier changed to `ht'.

Package epstopdf Info: Source file: <./img/data_analysis/12TotalNumberofTimesCh
ildSmiles.eps>
(epstopdf)                    date: 2015-08-17 00:25:32
(epstopdf)                    size: 28958 bytes
(epstopdf)             Output file: <./img/data_analysis/12TotalNumberofTimesCh
ildSmiles-eps-converted-to.pdf>
(epstopdf)                    date: 2015-08-17 00:25:32
(epstopdf)                    size: 23747 bytes
(epstopdf)             Command: <epstopdf --outfile=./img/data_analysis/12Total
NumberofTimesChildSmiles-eps-converted-to.pdf ./img/data_analysis/12TotalNumber
ofTimesChildSmiles.eps>
(epstopdf)             \includegraphics on input line 1419.
Package epstopdf Info: Output file is already uptodate.

<./img/data_analysis/12TotalNumberofTimesChildSmiles-eps-converted-to.pdf, id=1
348, 578.16pt x 433.62pt>
File: ./img/data_analysis/12TotalNumberofTimesChildSmiles-eps-converted-to.pdf 
Graphic file (type pdf)

<use ./img/data_analysis/12TotalNumberofTimesChildSmiles-eps-converted-to.pdf>
Package pdftex.def Info: ./img/data_analysis/12TotalNumberofTimesChildSmiles-ep
s-converted-to.pdf used on input line 1419.
(pdftex.def)             Requested size: 271.01526pt x 203.25887pt.


LaTeX Warning: `h' float specifier changed to `ht'.

Package epstopdf Info: Source file: <./img/data_analysis/13TotalNumberofTimesCh
ildMurmurs.eps>
(epstopdf)                    date: 2015-08-17 00:25:32
(epstopdf)                    size: 27903 bytes
(epstopdf)             Output file: <./img/data_analysis/13TotalNumberofTimesCh
ildMurmurs-eps-converted-to.pdf>
(epstopdf)                    date: 2015-08-17 00:25:32
(epstopdf)                    size: 23329 bytes
(epstopdf)             Command: <epstopdf --outfile=./img/data_analysis/13Total
NumberofTimesChildMurmurs-eps-converted-to.pdf ./img/data_analysis/13TotalNumbe
rofTimesChildMurmurs.eps>
(epstopdf)             \includegraphics on input line 1430.
Package epstopdf Info: Output file is already uptodate.

<./img/data_analysis/13TotalNumberofTimesChildMurmurs-eps-converted-to.pdf, id=
1350, 578.16pt x 433.62pt>
File: ./img/data_analysis/13TotalNumberofTimesChildMurmurs-eps-converted-to.pdf
 Graphic file (type pdf)

<use ./img/data_analysis/13TotalNumberofTimesChildMurmurs-eps-converted-to.pdf>
Package pdftex.def Info: ./img/data_analysis/13TotalNumberofTimesChildMurmurs-e
ps-converted-to.pdf used on input line 1430.
(pdftex.def)             Requested size: 271.01526pt x 203.25887pt.
[47 <./img/data_analysis/102ComplianceRate-Overall-eps-converted-to.pdf> <./img
/data_analysis/79ComplianceRate-R1Pv0g0-eps-converted-to.pdf> <./img/data_analy
sis/103HardComplianceRate-Overall-eps-converted-to.pdf> <./img/data_analysis/92
HardComplianceRate-R1Pv0g0-eps-converted-to.pdf>]

LaTeX Warning: `h' float specifier changed to `ht'.

Package epstopdf Info: Source file: <./img/data_analysis/8LookingatParentRateGi
venParentPrompted.eps>
(epstopdf)                    date: 2015-08-17 00:25:33
(epstopdf)                    size: 29946 bytes
(epstopdf)             Output file: <./img/data_analysis/8LookingatParentRateGi
venParentPrompted-eps-converted-to.pdf>
(epstopdf)                    date: 2015-08-17 00:25:33
(epstopdf)                    size: 23593 bytes
(epstopdf)             Command: <epstopdf --outfile=./img/data_analysis/8Lookin
gatParentRateGivenParentPrompted-eps-converted-to.pdf ./img/data_analysis/8Look
ingatParentRateGivenParentPrompted.eps>
(epstopdf)             \includegraphics on input line 1440.
Package epstopdf Info: Output file is already uptodate.

<./img/data_analysis/8LookingatParentRateGivenParentPrompted-eps-converted-to.p
df, id=1512, 578.16pt x 433.62pt>
File: ./img/data_analysis/8LookingatParentRateGivenParentPrompted-eps-converted
-to.pdf Graphic file (type pdf)

<use ./img/data_analysis/8LookingatParentRateGivenParentPrompted-eps-converted-
to.pdf>
Package pdftex.def Info: ./img/data_analysis/8LookingatParentRateGivenParentPro
mpted-eps-converted-to.pdf used on input line 1440.
(pdftex.def)             Requested size: 243.46364pt x 182.59554pt.

Overfull \hbox (22.13428pt too wide) in paragraph at lines 1440--1441
[][] 
 []

Package epstopdf Info: Source file: <./img/data_analysis/9LookingatRobotRateGiv
enRobotPrompted.eps>
(epstopdf)                    date: 2015-08-17 00:25:33
(epstopdf)                    size: 29815 bytes
(epstopdf)             Output file: <./img/data_analysis/9LookingatRobotRateGiv
enRobotPrompted-eps-converted-to.pdf>
(epstopdf)                    date: 2015-08-17 00:25:33
(epstopdf)                    size: 23349 bytes
(epstopdf)             Command: <epstopdf --outfile=./img/data_analysis/9Lookin
gatRobotRateGivenRobotPrompted-eps-converted-to.pdf ./img/data_analysis/9Lookin
gatRobotRateGivenRobotPrompted.eps>
(epstopdf)             \includegraphics on input line 1446.
Package epstopdf Info: Output file is already uptodate.

<./img/data_analysis/9LookingatRobotRateGivenRobotPrompted-eps-converted-to.pdf
, id=1513, 578.16pt x 433.62pt>
File: ./img/data_analysis/9LookingatRobotRateGivenRobotPrompted-eps-converted-t
o.pdf Graphic file (type pdf)

<use ./img/data_analysis/9LookingatRobotRateGivenRobotPrompted-eps-converted-to
.pdf>
Package pdftex.def Info: ./img/data_analysis/9LookingatRobotRateGivenRobotPromp
ted-eps-converted-to.pdf used on input line 1446.
(pdftex.def)             Requested size: 243.46364pt x 182.59554pt.

Overfull \hbox (22.13428pt too wide) in paragraph at lines 1446--1447
[][] 
 []

Package epstopdf Info: Source file: <./img/data_analysis/10LookingatParentRateG
ivenBothPrompted.eps>
(epstopdf)                    date: 2015-08-17 00:25:32
(epstopdf)                    size: 29832 bytes
(epstopdf)             Output file: <./img/data_analysis/10LookingatParentRateG
ivenBothPrompted-eps-converted-to.pdf>
(epstopdf)                    date: 2015-08-17 00:25:32
(epstopdf)                    size: 22248 bytes
(epstopdf)             Command: <epstopdf --outfile=./img/data_analysis/10Looki
ngatParentRateGivenBothPrompted-eps-converted-to.pdf ./img/data_analysis/10Look
ingatParentRateGivenBothPrompted.eps>
(epstopdf)             \includegraphics on input line 1453.
Package epstopdf Info: Output file is already uptodate.

<./img/data_analysis/10LookingatParentRateGivenBothPrompted-eps-converted-to.pd
f, id=1514, 578.16pt x 433.62pt>
File: ./img/data_analysis/10LookingatParentRateGivenBothPrompted-eps-converted-
to.pdf Graphic file (type pdf)

<use ./img/data_analysis/10LookingatParentRateGivenBothPrompted-eps-converted-t
o.pdf>
Package pdftex.def Info: ./img/data_analysis/10LookingatParentRateGivenBothProm
pted-eps-converted-to.pdf used on input line 1453.
(pdftex.def)             Requested size: 243.46364pt x 182.59554pt.

Overfull \hbox (22.13428pt too wide) in paragraph at lines 1453--1454
[][] 
 []

Package epstopdf Info: Source file: <./img/data_analysis/11LookingatRobotRateGi
venBothPrompted.eps>
(epstopdf)                    date: 2015-08-17 00:25:32
(epstopdf)                    size: 29767 bytes
(epstopdf)             Output file: <./img/data_analysis/11LookingatRobotRateGi
venBothPrompted-eps-converted-to.pdf>
(epstopdf)                    date: 2015-08-17 00:25:32
(epstopdf)                    size: 22184 bytes
(epstopdf)             Command: <epstopdf --outfile=./img/data_analysis/11Looki
ngatRobotRateGivenBothPrompted-eps-converted-to.pdf ./img/data_analysis/11Looki
ngatRobotRateGivenBothPrompted.eps>
(epstopdf)             \includegraphics on input line 1459.
Package epstopdf Info: Output file is already uptodate.

<./img/data_analysis/11LookingatRobotRateGivenBothPrompted-eps-converted-to.pdf
, id=1515, 578.16pt x 433.62pt>
File: ./img/data_analysis/11LookingatRobotRateGivenBothPrompted-eps-converted-t
o.pdf Graphic file (type pdf)

<use ./img/data_analysis/11LookingatRobotRateGivenBothPrompted-eps-converted-to
.pdf>
Package pdftex.def Info: ./img/data_analysis/11LookingatRobotRateGivenBothPromp
ted-eps-converted-to.pdf used on input line 1459.
(pdftex.def)             Requested size: 243.46364pt x 182.59554pt.

Overfull \hbox (22.13428pt too wide) in paragraph at lines 1459--1460
[][] 
 []


LaTeX Warning: `h' float specifier changed to `ht'.

[48 <./img/data_analysis/99NotAffectedByPromptRate-Overall-eps-converted-to.pdf
>] [49 <./img/data_analysis/12TotalNumberofTimesChildSmiles-eps-converted-to.pd
f>]
Underfull \vbox (badness 1033) has occurred while \output is active []

 [50 <./img/data_analysis/13TotalNumberofTimesChildMurmurs-eps-converted-to.pdf
>]
Package epstopdf Info: Source file: <./img/data_analysis/4NumberofIncompleteSte
ps.eps>
(epstopdf)                    date: 2015-08-17 00:25:33
(epstopdf)                    size: 27012 bytes
(epstopdf)             Output file: <./img/data_analysis/4NumberofIncompleteSte
ps-eps-converted-to.pdf>
(epstopdf)                    date: 2015-08-17 00:25:33
(epstopdf)                    size: 22478 bytes
(epstopdf)             Command: <epstopdf --outfile=./img/data_analysis/4Number
ofIncompleteSteps-eps-converted-to.pdf ./img/data_analysis/4NumberofIncompleteS
teps.eps>
(epstopdf)             \includegraphics on input line 1611.
Package epstopdf Info: Output file is already uptodate.

<./img/data_analysis/4NumberofIncompleteSteps-eps-converted-to.pdf, id=1643, 57
8.16pt x 433.62pt>
File: ./img/data_analysis/4NumberofIncompleteSteps-eps-converted-to.pdf Graphic
 file (type pdf)

<use ./img/data_analysis/4NumberofIncompleteSteps-eps-converted-to.pdf>
Package pdftex.def Info: ./img/data_analysis/4NumberofIncompleteSteps-eps-conve
rted-to.pdf used on input line 1611.
(pdftex.def)             Requested size: 271.01526pt x 203.25887pt.

Underfull \vbox (badness 1418) has occurred while \output is active []

 [51 <./img/data_analysis/8LookingatParentRateGivenParentPrompted-eps-converted
-to.pdf> <./img/data_analysis/9LookingatRobotRateGivenRobotPrompted-eps-convert
ed-to.pdf> <./img/data_analysis/10LookingatParentRateGivenBothPrompted-eps-conv
erted-to.pdf> <./img/data_analysis/11LookingatRobotRateGivenBothPrompted-eps-co
nverted-to.pdf>] [52 <./img/data_analysis/4NumberofIncompleteSteps-eps-converte
d-to.pdf>]
[53]
Package epstopdf Info: Source file: <./img/data_analysis/107ParentInvolvement.e
ps>
(epstopdf)                    date: 2015-08-17 00:25:32
(epstopdf)                    size: 23789 bytes
(epstopdf)             Output file: <./img/data_analysis/107ParentInvolvement-e
ps-converted-to.pdf>
(epstopdf)                    date: 2015-08-17 00:25:32
(epstopdf)                    size: 20109 bytes
(epstopdf)             Command: <epstopdf --outfile=./img/data_analysis/107Pare
ntInvolvement-eps-converted-to.pdf ./img/data_analysis/107ParentInvolvement.eps
>
(epstopdf)             \includegraphics on input line 1633.
Package epstopdf Info: Output file is already uptodate.

<./img/data_analysis/107ParentInvolvement-eps-converted-to.pdf, id=1849, 578.16
pt x 433.62pt>
File: ./img/data_analysis/107ParentInvolvement-eps-converted-to.pdf Graphic fil
e (type pdf)

<use ./img/data_analysis/107ParentInvolvement-eps-converted-to.pdf>
Package pdftex.def Info: ./img/data_analysis/107ParentInvolvement-eps-converted
-to.pdf used on input line 1633.
(pdftex.def)             Requested size: 271.01526pt x 203.25887pt.
Package epstopdf Info: Source file: <./img/data_analysis/102ComplianceRate-Over
all_robotAloneOnly.eps>
(epstopdf)                    date: 2015-08-17 00:25:32
(epstopdf)                    size: 26539 bytes
(epstopdf)             Output file: <./img/data_analysis/102ComplianceRate-Over
all_robotAloneOnly-eps-converted-to.pdf>
(epstopdf)                    date: 2015-08-17 00:25:32
(epstopdf)                    size: 19793 bytes
(epstopdf)             Command: <epstopdf --outfile=./img/data_analysis/102Comp
lianceRate-Overall_robotAloneOnly-eps-converted-to.pdf ./img/data_analysis/102C
omplianceRate-Overall_robotAloneOnly.eps>
(epstopdf)             \includegraphics on input line 1642.
Package epstopdf Info: Output file is already uptodate.

<./img/data_analysis/102ComplianceRate-Overall_robotAloneOnly-eps-converted-to.
pdf, id=1852, 578.16pt x 433.62pt>
File: ./img/data_analysis/102ComplianceRate-Overall_robotAloneOnly-eps-converte
d-to.pdf Graphic file (type pdf)

<use ./img/data_analysis/102ComplianceRate-Overall_robotAloneOnly-eps-converted
-to.pdf>
Package pdftex.def Info: ./img/data_analysis/102ComplianceRate-Overall_robotAlo
neOnly-eps-converted-to.pdf used on input line 1642.
(pdftex.def)             Requested size: 243.46364pt x 182.59554pt.

Overfull \hbox (22.13428pt too wide) in paragraph at lines 1642--1643
[][] 
 []

Package epstopdf Info: Source file: <./img/data_analysis/79ComplianceRate-R1Pv0
g0_robotAloneOnly.eps>
(epstopdf)                    date: 2015-08-17 00:25:33
(epstopdf)                    size: 27191 bytes
(epstopdf)             Output file: <./img/data_analysis/79ComplianceRate-R1Pv0
g0_robotAloneOnly-eps-converted-to.pdf>
(epstopdf)                    date: 2015-08-17 00:25:33
(epstopdf)                    size: 20320 bytes
(epstopdf)             Command: <epstopdf --outfile=./img/data_analysis/79Compl
ianceRate-R1Pv0g0_robotAloneOnly-eps-converted-to.pdf ./img/data_analysis/79Com
plianceRate-R1Pv0g0_robotAloneOnly.eps>
(epstopdf)             \includegraphics on input line 1648.
Package epstopdf Info: Output file is already uptodate.

<./img/data_analysis/79ComplianceRate-R1Pv0g0_robotAloneOnly-eps-converted-to.p
df, id=1853, 578.16pt x 433.62pt>
File: ./img/data_analysis/79ComplianceRate-R1Pv0g0_robotAloneOnly-eps-converted
-to.pdf Graphic file (type pdf)

<use ./img/data_analysis/79ComplianceRate-R1Pv0g0_robotAloneOnly-eps-converted-
to.pdf>
Package pdftex.def Info: ./img/data_analysis/79ComplianceRate-R1Pv0g0_robotAlon
eOnly-eps-converted-to.pdf used on input line 1648.
(pdftex.def)             Requested size: 243.46364pt x 182.59554pt.

Overfull \hbox (22.13428pt too wide) in paragraph at lines 1648--1649
[][] 
 []

Package epstopdf Info: Source file: <./img/data_analysis/103HardComplianceRate-
Overall_robotAloneOnly.eps>
(epstopdf)                    date: 2015-08-17 00:25:32
(epstopdf)                    size: 27374 bytes
(epstopdf)             Output file: <./img/data_analysis/103HardComplianceRate-
Overall_robotAloneOnly-eps-converted-to.pdf>
(epstopdf)                    date: 2015-08-17 00:25:32
(epstopdf)                    size: 20177 bytes
(epstopdf)             Command: <epstopdf --outfile=./img/data_analysis/103Hard
ComplianceRate-Overall_robotAloneOnly-eps-converted-to.pdf ./img/data_analysis/
103HardComplianceRate-Overall_robotAloneOnly.eps>
(epstopdf)             \includegraphics on input line 1655.
Package epstopdf Info: Output file is already uptodate.

<./img/data_analysis/103HardComplianceRate-Overall_robotAloneOnly-eps-converted
-to.pdf, id=1854, 578.16pt x 433.62pt>
File: ./img/data_analysis/103HardComplianceRate-Overall_robotAloneOnly-eps-conv
erted-to.pdf Graphic file (type pdf)

<use ./img/data_analysis/103HardComplianceRate-Overall_robotAloneOnly-eps-conve
rted-to.pdf>
Package pdftex.def Info: ./img/data_analysis/103HardComplianceRate-Overall_robo
tAloneOnly-eps-converted-to.pdf used on input line 1655.
(pdftex.def)             Requested size: 243.46364pt x 182.59554pt.

Overfull \hbox (22.13428pt too wide) in paragraph at lines 1655--1656
[][] 
 []

Package epstopdf Info: Source file: <./img/data_analysis/92HardComplianceRate-R
1Pv0g0_robotAloneOnly.eps>
(epstopdf)                    date: 2015-08-17 00:25:33
(epstopdf)                    size: 28018 bytes
(epstopdf)             Output file: <./img/data_analysis/92HardComplianceRate-R
1Pv0g0_robotAloneOnly-eps-converted-to.pdf>
(epstopdf)                    date: 2015-08-17 00:25:33
(epstopdf)                    size: 20587 bytes
(epstopdf)             Command: <epstopdf --outfile=./img/data_analysis/92HardC
omplianceRate-R1Pv0g0_robotAloneOnly-eps-converted-to.pdf ./img/data_analysis/9
2HardComplianceRate-R1Pv0g0_robotAloneOnly.eps>
(epstopdf)             \includegraphics on input line 1661.
Package epstopdf Info: Output file is already uptodate.

<./img/data_analysis/92HardComplianceRate-R1Pv0g0_robotAloneOnly-eps-converted-
to.pdf, id=1855, 578.16pt x 433.62pt>
File: ./img/data_analysis/92HardComplianceRate-R1Pv0g0_robotAloneOnly-eps-conve
rted-to.pdf Graphic file (type pdf)

<use ./img/data_analysis/92HardComplianceRate-R1Pv0g0_robotAloneOnly-eps-conver
ted-to.pdf>
Package pdftex.def Info: ./img/data_analysis/92HardComplianceRate-R1Pv0g0_robot
AloneOnly-eps-converted-to.pdf used on input line 1661.
(pdftex.def)             Requested size: 243.46364pt x 182.59554pt.

Overfull \hbox (22.13428pt too wide) in paragraph at lines 1661--1662
[][] 
 []

Package epstopdf Info: Source file: <./img/data_analysis/99NotAffectedByPromptR
ate-Overall_robotAloneOnly.eps>
(epstopdf)                    date: 2015-08-17 00:25:33
(epstopdf)                    size: 28173 bytes
(epstopdf)             Output file: <./img/data_analysis/99NotAffectedByPromptR
ate-Overall_robotAloneOnly-eps-converted-to.pdf>
(epstopdf)                    date: 2015-08-17 00:25:33
(epstopdf)                    size: 21023 bytes
(epstopdf)             Command: <epstopdf --outfile=./img/data_analysis/99NotAf
fectedByPromptRate-Overall_robotAloneOnly-eps-converted-to.pdf ./img/data_analy
sis/99NotAffectedByPromptRate-Overall_robotAloneOnly.eps>
(epstopdf)             \includegraphics on input line 1670.
Package epstopdf Info: Output file is already uptodate.

<./img/data_analysis/99NotAffectedByPromptRate-Overall_robotAloneOnly-eps-conve
rted-to.pdf, id=1856, 578.16pt x 433.62pt>
File: ./img/data_analysis/99NotAffectedByPromptRate-Overall_robotAloneOnly-eps-
converted-to.pdf Graphic file (type pdf)

<use ./img/data_analysis/99NotAffectedByPromptRate-Overall_robotAloneOnly-eps-c
onverted-to.pdf>
Package pdftex.def Info: ./img/data_analysis/99NotAffectedByPromptRate-Overall_
robotAloneOnly-eps-converted-to.pdf used on input line 1670.
(pdftex.def)             Requested size: 271.01526pt x 203.25887pt.


LaTeX Warning: `h' float specifier changed to `ht'.


LaTeX Warning: `h' float specifier changed to `ht'.


Underfull \vbox (badness 1701) has occurred while \output is active []

 [54 <./img/data_analysis/107ParentInvolvement-eps-converted-to.pdf>] [55 <./im
g/data_analysis/102ComplianceRate-Overall_robotAloneOnly-eps-converted-to.pdf> 
<./img/data_analysis/79ComplianceRate-R1Pv0g0_robotAloneOnly-eps-converted-to.p
df> <./img/data_analysis/103HardComplianceRate-Overall_robotAloneOnly-eps-conve
rted-to.pdf> <./img/data_analysis/92HardComplianceRate-R1Pv0g0_robotAloneOnly-e
ps-converted-to.pdf>] [56 <./img/data_analysis/99NotAffectedByPromptRate-Overal
l_robotAloneOnly-eps-converted-to.pdf>]
Underfull \vbox (badness 1769) has occurred while \output is active []

 [57]
Underfull \vbox (badness 4193) has occurred while \output is active []

 [58]
[59] [60]
Chapter 5.
[61

] <./img/bilateral_filtering.jpg, id=2122, 483.8075pt x 279.0425pt>
File: ./img/bilateral_filtering.jpg Graphic file (type jpg)

<use ./img/bilateral_filtering.jpg>
Package pdftex.def Info: ./img/bilateral_filtering.jpg used on input line 1756.

(pdftex.def)             Requested size: 271.01526pt x 156.31807pt.


LaTeX Warning: `h' float specifier changed to `ht'.

[62] <./img/resolution_pyramid.jpg, id=2142, 161.09346pt x 141.31006pt>
File: ./img/resolution_pyramid.jpg Graphic file (type jpg)

<use ./img/resolution_pyramid.jpg>
Package pdftex.def Info: ./img/resolution_pyramid.jpg used on input line 1773.
(pdftex.def)             Requested size: 271.01526pt x 237.77661pt.


LaTeX Warning: `h' float specifier changed to `ht'.

<./img/point_to_plane_error.jpg, id=2148, 531.48563pt x 320.69812pt>
File: ./img/point_to_plane_error.jpg Graphic file (type jpg)

<use ./img/point_to_plane_error.jpg>
Package pdftex.def Info: ./img/point_to_plane_error.jpg used on input line 1787
.
(pdftex.def)             Requested size: 271.01526pt x 163.53429pt.


LaTeX Warning: `h' float specifier changed to `ht'.

[63 <./img/bilateral_filtering.jpg>]
<./img/TSDF.jpg, id=2158, 332.6599pt x 159.79297pt>
File: ./img/TSDF.jpg Graphic file (type jpg)
 <use ./img/TSDF.jpg>
Package pdftex.def Info: ./img/TSDF.jpg used on input line 1802.
(pdftex.def)             Requested size: 271.01526pt x 130.18256pt.


LaTeX Warning: `h' float specifier changed to `ht'.

[64 <./img/resolution_pyramid.jpg>] [65 <./img/point_to_plane_error.jpg> <./img
/TSDF.jpg>] <./img/headTrackingResults1.jpg, id=2173, 722.7pt x 406.51875pt>
File: ./img/headTrackingResults1.jpg Graphic file (type jpg)

<use ./img/headTrackingResults1.jpg>
Package pdftex.def Info: ./img/headTrackingResults1.jpg used on input line 1875
.
(pdftex.def)             Requested size: 451.68752pt x 254.07358pt.


LaTeX Warning: `h' float specifier changed to `ht'.

[66] [67 <./img/headTrackingResults1.jpg>] [68]
<./img/eyeimages/s1.jpg, id=2196, 702.625pt x 702.625pt>
File: ./img/eyeimages/s1.jpg Graphic file (type jpg)

<use ./img/eyeimages/s1.jpg>
Package pdftex.def Info: ./img/eyeimages/s1.jpg used on input line 1919.
(pdftex.def)             Requested size: 158.9985pt x 158.9951pt.

Overfull \hbox (14.4552pt too wide) in paragraph at lines 1919--1920
[][] 
 []

<./img/eyeimages/s2.jpg, id=2197, 702.625pt x 702.625pt>
File: ./img/eyeimages/s2.jpg Graphic file (type jpg)

<use ./img/eyeimages/s2.jpg>
Package pdftex.def Info: ./img/eyeimages/s2.jpg used on input line 1922.
(pdftex.def)             Requested size: 158.9985pt x 158.9951pt.

Overfull \hbox (14.4552pt too wide) in paragraph at lines 1922--1923
[][] 
 []

<./img/eyeimages/s3.jpg, id=2198, 702.625pt x 702.625pt>
File: ./img/eyeimages/s3.jpg Graphic file (type jpg)

<use ./img/eyeimages/s3.jpg>
Package pdftex.def Info: ./img/eyeimages/s3.jpg used on input line 1925.
(pdftex.def)             Requested size: 158.9985pt x 158.9951pt.

Overfull \hbox (14.4552pt too wide) in paragraph at lines 1925--1926
[][] 
 []

<./img/eyeimages/f1.jpg, id=2199, 702.625pt x 702.625pt>
File: ./img/eyeimages/f1.jpg Graphic file (type jpg)

<use ./img/eyeimages/f1.jpg>
Package pdftex.def Info: ./img/eyeimages/f1.jpg used on input line 1929.
(pdftex.def)             Requested size: 119.24887pt x 119.24097pt.

Overfull \hbox (10.8414pt too wide) in paragraph at lines 1929--1930
[][] 
 []

<./img/eyeimages/f2.jpg, id=2200, 702.625pt x 702.625pt>
File: ./img/eyeimages/f2.jpg Graphic file (type jpg)

<use ./img/eyeimages/f2.jpg>
Package pdftex.def Info: ./img/eyeimages/f2.jpg used on input line 1932.
(pdftex.def)             Requested size: 119.24887pt x 119.24097pt.

Overfull \hbox (10.8414pt too wide) in paragraph at lines 1932--1933
[][] 
 []

<./img/eyeimages/f3.jpg, id=2201, 702.625pt x 702.625pt>
File: ./img/eyeimages/f3.jpg Graphic file (type jpg)

<use ./img/eyeimages/f3.jpg>
Package pdftex.def Info: ./img/eyeimages/f3.jpg used on input line 1935.
(pdftex.def)             Requested size: 119.24887pt x 119.24097pt.

Overfull \hbox (10.8414pt too wide) in paragraph at lines 1935--1936
[][] 
 []

<./img/eyeimages/trackingError.jpg, id=2202, 702.625pt x 702.625pt>
File: ./img/eyeimages/trackingError.jpg Graphic file (type jpg)

<use ./img/eyeimages/trackingError.jpg>
Package pdftex.def Info: ./img/eyeimages/trackingError.jpg used on input line 1
938.
(pdftex.def)             Requested size: 119.24887pt x 119.24097pt.

Overfull \hbox (10.8414pt too wide) in paragraph at lines 1938--1939
[][] 
 []


LaTeX Warning: `h' float specifier changed to `ht'.

[69] [70 <./img/eyeimages/s1.jpg> <./img/eyeimages/s2.jpg> <./img/eyeimages/s3.
jpg> <./img/eyeimages/f1.jpg> <./img/eyeimages/f2.jpg> <./img/eyeimages/f3.jpg>
 <./img/eyeimages/trackingError.jpg>] [71] [72]
Package epstopdf Info: Source file: <./img/loc_calib_gauss.eps>
(epstopdf)                    date: 2015-08-17 00:25:33
(epstopdf)                    size: 40177 bytes
(epstopdf)             Output file: <./img/loc_calib_gauss-eps-converted-to.pdf
>
(epstopdf)                    date: 2015-08-17 00:25:33
(epstopdf)                    size: 24645 bytes
(epstopdf)             Command: <epstopdf --outfile=./img/loc_calib_gauss-eps-c
onverted-to.pdf ./img/loc_calib_gauss.eps>
(epstopdf)             \includegraphics on input line 2037.
Package epstopdf Info: Output file is already uptodate.

<./img/loc_calib_gauss-eps-converted-to.pdf, id=2244, 815.045pt x 639.38875pt>
File: ./img/loc_calib_gauss-eps-converted-to.pdf Graphic file (type pdf)

<use ./img/loc_calib_gauss-eps-converted-to.pdf>
Package pdftex.def Info: ./img/loc_calib_gauss-eps-converted-to.pdf used on inp
ut line 2037.
(pdftex.def)             Requested size: 243.46364pt x 190.98882pt.

Overfull \hbox (22.13428pt too wide) in paragraph at lines 2037--2038
[][] 
 []

Package epstopdf Info: Source file: <./img/loc_calib_gauss_cross.eps>
(epstopdf)                    date: 2015-08-17 00:25:33
(epstopdf)                    size: 40807 bytes
(epstopdf)             Output file: <./img/loc_calib_gauss_cross-eps-converted-
to.pdf>
(epstopdf)                    date: 2015-08-17 00:25:33
(epstopdf)                    size: 26261 bytes
(epstopdf)             Command: <epstopdf --outfile=./img/loc_calib_gauss_cross
-eps-converted-to.pdf ./img/loc_calib_gauss_cross.eps>
(epstopdf)             \includegraphics on input line 2041.
Package epstopdf Info: Output file is already uptodate.

<./img/loc_calib_gauss_cross-eps-converted-to.pdf, id=2245, 815.045pt x 639.388
75pt>
File: ./img/loc_calib_gauss_cross-eps-converted-to.pdf Graphic file (type pdf)
 <use ./img/loc_calib_gauss_cross-eps-converted-to.pdf>
Package pdftex.def Info: ./img/loc_calib_gauss_cross-eps-converted-to.pdf used 
on input line 2041.
(pdftex.def)             Requested size: 243.46364pt x 190.98882pt.

Overfull \hbox (22.13428pt too wide) in paragraph at lines 2041--2042
[][] 
 []


Underfull \vbox (badness 10000) has occurred while \output is active []

 [73 <./img/loc_calib_gauss-eps-converted-to.pdf> <./img/loc_calib_gauss_cross-
eps-converted-to.pdf>] [74]
Chapter 6.

Underfull \hbox (badness 10000) in paragraph at lines 2069--2073

 []

[75

] [76]
Missing character: There is no ‚ in font cmr10!
Missing character: There is no Ä in font cmr10!
Missing character: There is no î in font cmr10!
Missing character: There is no ‚ in font cmr10!
Missing character: There is no Ä in font cmr10!
Missing character: There is no ô in font cmr10!
Missing character: There is no ‚ in font cmr10!
Missing character: There is no Ä in font cmr10!
Missing character: There is no ì in font cmr10!
 [77

] [78] [79] [80]
Missing character: There is no ‚ in font cmr10!
Missing character: There is no Ä in font cmr10!
Missing character: There is no ô in font cmr10!
Missing character: There is no ‚ in font cmr10!
Missing character: There is no Ä in font cmr10!
Missing character: There is no ô in font cmr10!
 [81] [82]
Missing character: There is no ‚ in font cmr10!
Missing character: There is no Ä in font cmr10!
Missing character: There is no ì in font cmr10!
Missing character: There is no ‚ in font cmr10!
Missing character: There is no Ä in font cmr10!
Missing character: There is no ô in font cmr10!
Missing character: There is no ‚ in font cmr10!
Missing character: There is no Ä in font cmr10!
Missing character: There is no ô in font cmr10!
Missing character: There is no ‚ in font cmr10!
Missing character: There is no Ä in font cmr10!
Missing character: There is no ô in font cmr10!
 [83]
Missing character: There is no ‚ in font cmr10!
Missing character: There is no Ä in font cmr10!
Missing character: There is no ô in font cmr10!
Missing character: There is no ‚ in font cmr10!
Missing character: There is no Ä in font cmr10!
Missing character: There is no ô in font cmr10!
 [84]
Missing character: There is no ‚ in font cmr10!
Missing character: There is no Ä in font cmr10!
Missing character: There is no ô in font cmr10!
 [85]
Missing character: There is no ‚ in font cmr10!
Missing character: There is no Ä in font cmr10!
Missing character: There is no ô in font cmr10!
Missing character: There is no ‚ in font cmr10!
Missing character: There is no Ä in font cmr10!
Missing character: There is no ô in font cmr10!
 [86]
Package atveryend Info: Empty hook `BeforeClearDocument' on input line 2966.
 [87]
Package atveryend Info: Empty hook `AfterLastShipout' on input line 2966.

(ut-thesis_diff.aux)
Package atveryend Info: Executing hook `AtVeryEndDocument' on input line 2966.
Package atveryend Info: Executing hook `AtEndAfterFileList' on input line 2966.

Package rerunfilecheck Info: File `ut-thesis_diff.out' has not changed.
(rerunfilecheck)             Checksum: A725903C3D7277E0847A04146044DA94;6198.


LaTeX Warning: There were undefined references.

Package atveryend Info: Empty hook `AtVeryVeryEnd' on input line 2966.
 ) 
Here is how much of TeX's memory you used:
 8548 strings out of 493673
 139092 string characters out of 3141531
 286159 words of memory out of 3000000
 11285 multiletter control sequences out of 15000+200000
 9574 words of font info for 35 fonts, out of 3000000 for 9000
 1025 hyphenation exceptions out of 8191
 42i,12n,40p,2601b,478s stack positions out of 5000i,500n,10000p,200000b,50000s
<C:/Program Files (x86)/MiKTeX 2.9/fonts/type1/public/amsfonts/cm/cmbx10.pfb>
<C:/Program Files (x86)/MiKTeX 2.9/fonts/type1/public/amsfonts/cm/cmbx12.pfb><C
:/Program Files (x86)/MiKTeX 2.9/fonts/type1/public/amsfonts/cm/cmbx7.pfb><C:/P
rogram Files (x86)/MiKTeX 2.9/fonts/type1/public/amsfonts/cm/cmcsc10.pfb><C:/Pr
ogram Files (x86)/MiKTeX 2.9/fonts/type1/public/amsfonts/cm/cmex10.pfb><C:/Prog
ram Files (x86)/MiKTeX 2.9/fonts/type1/public/amsfonts/cm/cmmi10.pfb><C:/Progra
m Files (x86)/MiKTeX 2.9/fonts/type1/public/amsfonts/cm/cmmi5.pfb><C:/Program F
iles (x86)/MiKTeX 2.9/fonts/type1/public/amsfonts/cm/cmmi7.pfb><C:/Program File
s (x86)/MiKTeX 2.9/fonts/type1/public/amsfonts/cm/cmr10.pfb><C:/Program Files (
x86)/MiKTeX 2.9/fonts/type1/public/amsfonts/cm/cmr12.pfb><C:/Program Files (x86
)/MiKTeX 2.9/fonts/type1/public/amsfonts/cm/cmr7.pfb><C:/Program Files (x86)/Mi
KTeX 2.9/fonts/type1/public/amsfonts/cm/cmr9.pfb><C:/Program Files (x86)/MiKTeX
 2.9/fonts/type1/public/amsfonts/cm/cmsy10.pfb><C:/Program Files (x86)/MiKTeX 2
.9/fonts/type1/public/amsfonts/cm/cmsy7.pfb><C:/Program Files (x86)/MiKTeX 2.9/
fonts/type1/public/amsfonts/cm/cmti10.pfb><C:/Program Files (x86)/MiKTeX 2.9/fo
nts/type1/public/amsfonts/cm/cmtt10.pfb><C:/Program Files (x86)/MiKTeX 2.9/font
s/type1/public/amsfonts/latxfont/lasy6.pfb>
Output written on ut-thesis_diff.pdf (96 pages, 2826546 bytes).
PDF statistics:
 2479 PDF objects out of 2487 (max. 8388607)
 457 named destinations out of 1000 (max. 500000)
 887 words of extra memory for PDF output out of 10000 (max. 10000000)

